<?xml version="1.0" encoding="UTF-8"?>
<!-- Generated by org.testng.reporters.JUnitXMLReporter -->
<testsuite hostname="samuel-andoh" name="Command line test" tests="7" failures="2" timestamp="4 Oct 2016 20:52:24 GMT" time="375.652" errors="0">
  <testcase name="app_Test" time="14.428" classname="CreditCardTest.CreditCardTest"/>
  <testcase name="app_gmailAccountTest" time="17.272" classname="CreditCardTest.CreditCardTest">
    <failure type="java.lang.AssertionError" message="the account did not have a tag. expected [true] but found [false]">
      <![CDATA[java.lang.AssertionError: the account did not have a tag. expected [true] but found [false]
	at CreditCardTest.CreditCardTest.app_gmailAccountTest(CreditCardTest.java:39)
... Removed 38 stack frames]]>
    </failure>
  </testcase> <!-- app_gmailAccountTest -->
  <testcase name="bingSearchTest1" time="9.267" classname="loginTest.bAppTest">
    <failure type="java.lang.AssertionError" message="expected [true] but found [false]">
      <![CDATA[java.lang.AssertionError: expected [true] but found [false]
	at loginTest.bAppTest.bingSearchTest1(bAppTest.java:60)
... Removed 39 stack frames]]>
    </failure>
  </testcase> <!-- bingSearchTest1 -->
  <testcase name="bingSearchTest2" time="14.406" classname="loginTest.cAppTest"/>
  <testcase name="parameterTestData" time="274.173" classname="loginTest.eLoginPageTest"/>
  <testcase name="app_Test" time="12.198" classname="loginTest.loginTest"/>
  <testcase name="app_gmailAccountTest" time="15.142" classname="loginTest.loginTest"/>
</testsuite> <!-- Command line test -->
