<?xml version="1.0" encoding="UTF-8"?>
<!-- Generated by org.testng.reporters.JUnitXMLReporter -->
<testsuite hostname="samuel-andoh" name="Command line test" tests="3" failures="0" timestamp="9 May 2016 03:14:15 GMT" time="198.239" errors="0">
  <testcase name="bingSearchTest1" time="19.473" classname="pageFactoryTest.bAppTest"/>
  <testcase name="bingSearchTest2" time="15.788" classname="pageFactoryTest.cAppTest"/>
  <testcase name="parameterTestData" time="121.324" classname="pageFactoryTest.eLoginPageTest"/>
</testsuite> <!-- Command line test -->
