<?xml version="1.0" encoding="UTF-8"?>
<testng-results skipped="3" failed="0" total="3" passed="0">
  <reporter-output>
  </reporter-output>
  <suite name="Command line suite" duration-ms="34392" started-at="2016-05-06T10:50:47Z" finished-at="2016-05-06T10:51:22Z">
    <groups>
    </groups>
    <test name="Command line test" duration-ms="34392" started-at="2016-05-06T10:50:47Z" finished-at="2016-05-06T10:51:22Z">
      <class name="pageFactoryTest.eLoginPageTest">
        <test-method status="SKIP" signature="parameterTestData()[pri:0, instance:pageFactoryTest.eLoginPageTest@3e9e592c]" name="parameterTestData" duration-ms="0" started-at="2016-05-06T05:51:22Z" finished-at="2016-05-06T05:51:22Z">
          <reporter-output>
          </reporter-output>
        </test-method> <!-- parameterTestData -->
      </class> <!-- pageFactoryTest.eLoginPageTest -->
      <class name="pageFactoryTest.cAppTest">
        <test-method status="SKIP" signature="bingSearchTest2()[pri:0, instance:pageFactoryTest.cAppTest@f31a3e3]" name="bingSearchTest2" duration-ms="0" started-at="2016-05-06T05:51:22Z" finished-at="2016-05-06T05:51:22Z">
          <reporter-output>
          </reporter-output>
        </test-method> <!-- bingSearchTest2 -->
      </class> <!-- pageFactoryTest.cAppTest -->
      <class name="pageFactoryTest.bAppTest">
        <test-method status="PASS" signature="setup1()[pri:0, instance:pageFactoryTest.bAppTest@65bbd743]" name="setup1" is-config="true" duration-ms="12264" started-at="2016-05-06T05:50:47Z" finished-at="2016-05-06T05:51:00Z">
          <reporter-output>
          </reporter-output>
        </test-method> <!-- setup1 -->
        <test-method status="PASS" signature="setup1()[pri:0, instance:pageFactoryTest.cAppTest@f31a3e3]" name="setup1" is-config="true" duration-ms="9612" started-at="2016-05-06T05:51:00Z" finished-at="2016-05-06T05:51:09Z">
          <reporter-output>
          </reporter-output>
        </test-method> <!-- setup1 -->
        <test-method status="PASS" signature="setup1()[pri:0, instance:pageFactoryTest.dAppTest@3fe93e0]" name="setup1" is-config="true" duration-ms="12393" started-at="2016-05-06T05:51:09Z" finished-at="2016-05-06T05:51:22Z">
          <reporter-output>
          </reporter-output>
        </test-method> <!-- setup1 -->
        <test-method status="FAIL" signature="setup()[pri:0, instance:pageFactoryTest.eLoginPageTest@3e9e592c]" name="setup" is-config="true" duration-ms="0" started-at="2016-05-06T05:51:22Z" finished-at="2016-05-06T05:51:22Z">
          <exception class="org.openqa.selenium.WebDriverException">
            <message>
              <![CDATA[Specified firefox binary location does not exist or is not a real file: C:\Program Files\Mozilla Firefox\firefox.exe
Build info: version: '2.53.0', revision: '35ae25b1534ae328c771e0856c93e187490ca824', time: '2016-03-15 10:43:46'
System info: host: 'samuel-andoh', ip: '10.0.0.163', os.name: 'Windows 8.1', os.arch: 'amd64', os.version: '6.3', java.version: '1.7.0_79'
Driver info: driver.version: unknown]]>
            </message>
            <full-stacktrace>
              <![CDATA[org.openqa.selenium.WebDriverException: Specified firefox binary location does not exist or is not a real file: C:\Program Files\Mozilla Firefox\firefox.exe
Build info: version: '2.53.0', revision: '35ae25b1534ae328c771e0856c93e187490ca824', time: '2016-03-15 10:43:46'
System info: host: 'samuel-andoh', ip: '10.0.0.163', os.name: 'Windows 8.1', os.arch: 'amd64', os.version: '6.3', java.version: '1.7.0_79'
Driver info: driver.version: unknown
	at org.openqa.selenium.firefox.internal.Executable.<init>(Executable.java:59)
	at org.openqa.selenium.firefox.FirefoxBinary.<init>(FirefoxBinary.java:60)
	at pageFactoryTest.eLoginPageTest.setup(eLoginPageTest.java:36)
	at sun.reflect.NativeMethodAccessorImpl.invoke0(Native Method)
	at sun.reflect.NativeMethodAccessorImpl.invoke(NativeMethodAccessorImpl.java:57)
	at sun.reflect.DelegatingMethodAccessorImpl.invoke(DelegatingMethodAccessorImpl.java:43)
	at java.lang.reflect.Method.invoke(Method.java:606)
	at org.testng.internal.MethodInvocationHelper.invokeMethod(MethodInvocationHelper.java:86)
	at org.testng.internal.Invoker.invokeConfigurationMethod(Invoker.java:514)
	at org.testng.internal.Invoker.invokeConfigurations(Invoker.java:215)
	at org.testng.internal.Invoker.invokeConfigurations(Invoker.java:142)
	at org.testng.TestRunner.beforeRun(TestRunner.java:656)
	at org.testng.TestRunner.run(TestRunner.java:624)
	at org.testng.SuiteRunner.runTest(SuiteRunner.java:366)
	at org.testng.SuiteRunner.runSequentially(SuiteRunner.java:361)
	at org.testng.SuiteRunner.privateRun(SuiteRunner.java:319)
	at org.testng.SuiteRunner.run(SuiteRunner.java:268)
	at org.testng.SuiteRunnerWorker.runSuite(SuiteRunnerWorker.java:52)
	at org.testng.SuiteRunnerWorker.run(SuiteRunnerWorker.java:86)
	at org.testng.TestNG.runSuitesSequentially(TestNG.java:1244)
	at org.testng.TestNG.runSuitesLocally(TestNG.java:1169)
	at org.testng.TestNG.run(TestNG.java:1064)
	at org.apache.maven.surefire.testng.TestNGExecutor.run(TestNGExecutor.java:77)
	at org.apache.maven.surefire.testng.TestNGDirectoryTestSuite.executeMulti(TestNGDirectoryTestSuite.java:159)
	at org.apache.maven.surefire.testng.TestNGDirectoryTestSuite.execute(TestNGDirectoryTestSuite.java:99)
	at org.apache.maven.surefire.testng.TestNGProvider.invoke(TestNGProvider.java:106)
	at sun.reflect.NativeMethodAccessorImpl.invoke0(Native Method)
	at sun.reflect.NativeMethodAccessorImpl.invoke(NativeMethodAccessorImpl.java:57)
	at sun.reflect.DelegatingMethodAccessorImpl.invoke(DelegatingMethodAccessorImpl.java:43)
	at java.lang.reflect.Method.invoke(Method.java:606)
	at org.apache.maven.surefire.util.ReflectionUtils.invokeMethodWithArray(ReflectionUtils.java:189)
	at org.apache.maven.surefire.booter.ProviderFactory$ProviderProxy.invoke(ProviderFactory.java:165)
	at org.apache.maven.surefire.booter.ProviderFactory.invokeProvider(ProviderFactory.java:85)
	at org.apache.maven.surefire.booter.ForkedBooter.runSuitesInProcess(ForkedBooter.java:115)
	at org.apache.maven.surefire.booter.ForkedBooter.main(ForkedBooter.java:75)
]]>
            </full-stacktrace>
          </exception> <!-- org.openqa.selenium.WebDriverException -->
          <reporter-output>
          </reporter-output>
        </test-method> <!-- setup -->
        <test-method status="SKIP" signature="bingSearchTest1()[pri:0, instance:pageFactoryTest.bAppTest@65bbd743]" name="bingSearchTest1" duration-ms="2" started-at="2016-05-06T05:51:22Z" finished-at="2016-05-06T05:51:22Z">
          <reporter-output>
          </reporter-output>
        </test-method> <!-- bingSearchTest1 -->
      </class> <!-- pageFactoryTest.bAppTest -->
    </test> <!-- Command line test -->
  </suite> <!-- Command line suite -->
</testng-results>
