<?xml version="1.0" encoding="UTF-8" ?>
<testsuite failures="1" time="193.889" errors="0" skipped="6" tests="7" name="TestSuite">
  <properties>
    <property name="java.runtime.name" value="Java(TM) SE Runtime Environment"/>
    <property name="sun.boot.library.path" value="C:\Program Files\Java\jdk1.7.0_79\jre\bin"/>
    <property name="java.vm.version" value="24.79-b02"/>
    <property name="java.vm.vendor" value="Oracle Corporation"/>
    <property name="maven.multiModuleProjectDirectory" value="C:\Users\samuel.samuel-andoh\workspace\Celebrity"/>
    <property name="java.vendor.url" value="http://java.oracle.com/"/>
    <property name="path.separator" value=";"/>
    <property name="guice.disable.misplaced.annotation.check" value="true"/>
    <property name="java.vm.name" value="Java HotSpot(TM) 64-Bit Server VM"/>
    <property name="file.encoding.pkg" value="sun.io"/>
    <property name="user.script" value=""/>
    <property name="user.country" value="US"/>
    <property name="sun.java.launcher" value="SUN_STANDARD"/>
    <property name="sun.os.patch.level" value=""/>
    <property name="java.vm.specification.name" value="Java Virtual Machine Specification"/>
    <property name="user.dir" value="C:\Users\samuel.samuel-andoh\workspace\Celebrity"/>
    <property name="java.runtime.version" value="1.7.0_79-b15"/>
    <property name="java.awt.graphicsenv" value="sun.awt.Win32GraphicsEnvironment"/>
    <property name="java.endorsed.dirs" value="C:\Program Files\Java\jdk1.7.0_79\jre\lib\endorsed"/>
    <property name="os.arch" value="amd64"/>
    <property name="java.io.tmpdir" value="C:\Users\SAMUEL~1.SAM\AppData\Local\Temp\"/>
    <property name="line.separator" value="
"/>
    <property name="java.vm.specification.vendor" value="Oracle Corporation"/>
    <property name="user.variant" value=""/>
    <property name="os.name" value="Windows 8.1"/>
    <property name="classworlds.conf" value="C:\Users\samuel.samuel-andoh\workspace\.metadata\.plugins\org.eclipse.m2e.launching\launches\m2conf2314460622180614208.tmp"/>
    <property name="sun.jnu.encoding" value="Cp1252"/>
    <property name="java.library.path" value="C:\Program Files\Java\jdk1.7.0_79\bin;C:\WINDOWS\Sun\Java\bin;C:\WINDOWS\system32;C:\WINDOWS;C:\WINDOWS\system32;C:\WINDOWS;C:\WINDOWS\System32\Wbem;C:\WINDOWS\System32\WindowsPowerShell\v1.0\;C:\Program Files\Intel\WiFi\bin\;C:\Program Files\Common Files\Intel\WirelessCommon\;C:\Program Files\Microsoft SQL Server\120\Tools\Binn\;C:\Program Files\Microsoft SQL Server\Client SDK\ODBC\110\Tools\Binn\;C:\Program Files (x86)\Microsoft SQL Server\120\Tools\Binn\;C:\Program Files\Microsoft SQL Server\120\DTS\Binn\;C:\Program Files (x86)\WinTask\Bin;;C:\Program Files (x86)\File Viewer Lite\lib\magick;."/>
    <property name="java.specification.name" value="Java Platform API Specification"/>
    <property name="java.class.version" value="51.0"/>
    <property name="sun.management.compiler" value="HotSpot 64-Bit Tiered Compilers"/>
    <property name="os.version" value="6.3"/>
    <property name="user.home" value="C:\Users\samuel.samuel-andoh"/>
    <property name="user.timezone" value="America/Chicago"/>
    <property name="java.awt.printerjob" value="sun.awt.windows.WPrinterJob"/>
    <property name="java.specification.version" value="1.7"/>
    <property name="file.encoding" value="Cp1252"/>
    <property name="user.name" value="samuel"/>
    <property name="java.class.path" value="/C:/Users/samuel.samuel-andoh/eclipse/java-mars/eclipse/../../../.p2/pool/plugins/org.eclipse.m2e.maven.runtime_1.6.2.20150902-0001/jars/plexus-classworlds-2.5.2.jar"/>
    <property name="java.vm.specification.version" value="1.7"/>
    <property name="sun.arch.data.model" value="64"/>
    <property name="java.home" value="C:\Program Files\Java\jdk1.7.0_79\jre"/>
    <property name="sun.java.command" value="org.codehaus.plexus.classworlds.launcher.Launcher -B test"/>
    <property name="java.specification.vendor" value="Oracle Corporation"/>
    <property name="user.language" value="en"/>
    <property name="awt.toolkit" value="sun.awt.windows.WToolkit"/>
    <property name="java.vm.info" value="mixed mode"/>
    <property name="java.version" value="1.7.0_79"/>
    <property name="java.ext.dirs" value="C:\Program Files\Java\jdk1.7.0_79\jre\lib\ext;C:\WINDOWS\Sun\Java\lib\ext"/>
    <property name="sun.boot.class.path" value="C:\Program Files\Java\jdk1.7.0_79\jre\lib\resources.jar;C:\Program Files\Java\jdk1.7.0_79\jre\lib\rt.jar;C:\Program Files\Java\jdk1.7.0_79\jre\lib\sunrsasign.jar;C:\Program Files\Java\jdk1.7.0_79\jre\lib\jsse.jar;C:\Program Files\Java\jdk1.7.0_79\jre\lib\jce.jar;C:\Program Files\Java\jdk1.7.0_79\jre\lib\charsets.jar;C:\Program Files\Java\jdk1.7.0_79\jre\lib\jfr.jar;C:\Program Files\Java\jdk1.7.0_79\jre\classes"/>
    <property name="java.vendor" value="Oracle Corporation"/>
    <property name="maven.home" value="C:\Users\samuel.samuel-andoh\workspace\Celebrity\EMBEDDED"/>
    <property name="file.separator" value="\"/>
    <property name="java.vendor.url.bug" value="http://bugreport.sun.com/bugreport/"/>
    <property name="sun.cpu.endian" value="little"/>
    <property name="sun.io.unicode.encoding" value="UnicodeLittle"/>
    <property name="sun.desktop" value="windows"/>
    <property name="sun.cpu.isalist" value="amd64"/>
  </properties>
  <testcase time="48.47" classname="pageFactoryTest.bAppTest" name="setup1">
    <failure message="Failed to connect to binary FirefoxBinary(C:\Program Files (x86)\Mozilla Firefox\firefox.exe) on port 7055; process output follows: 
l,&quot;updateKey&quot;:null,&quot;optionsURL&quot;:null,&quot;optionsType&quot;:null,&quot;aboutURL&quot;:null,&quot;icons&quot;:{&quot;32&quot;:&quot;icon.png&quot;,&quot;48&quot;:&quot;icon.png&quot;},&quot;iconURL&quot;:null,&quot;icon64URL&quot;:null,&quot;defaultLocale&quot;:{&quot;name&quot;:&quot;Default&quot;,&quot;description&quot;:&quot;The default theme.&quot;,&quot;creator&quot;:&quot;Mozilla&quot;,&quot;homepageURL&quot;:null,&quot;contributors&quot;:[&quot;Mozilla Contributors&quot;]},&quot;visible&quot;:true,&quot;active&quot;:true,&quot;userDisabled&quot;:false,&quot;appDisabled&quot;:false,&quot;descriptor&quot;:&quot;C:\\Program Files (x86)\\Mozilla Firefox\\browser\\extensions\\{972ce4c6-7e08-4474-a285-3208198ce6fd}.xpi&quot;,&quot;installDate&quot;:1462529052434,&quot;updateDate&quot;:1462529052434,&quot;applyBackgroundUpdates&quot;:1,&quot;skinnable&quot;:true,&quot;size&quot;:22012,&quot;sourceURI&quot;:null,&quot;releaseNotesURI&quot;:null,&quot;softDisabled&quot;:false,&quot;foreignInstall&quot;:false,&quot;hasBinaryComponents&quot;:false,&quot;strictCompatibility&quot;:true,&quot;locales&quot;:[],&quot;targetApplications&quot;:[{&quot;id&quot;:&quot;{ec8030f7-c20a-464f-9b0e-13a3a9e97384}&quot;,&quot;minVersion&quot;:&quot;46.0.1&quot;,&quot;maxVersion&quot;:&quot;46.0.1&quot;}],&quot;targetPlatforms&quot;:[],&quot;seen&quot;:true}
1462611571704	addons.xpi	DEBUG	getModTime: Recursive scan of {972ce4c6-7e08-4474-a285-3208198ce6fd}
1462611571705	DeferredSave.extensions.json	DEBUG	Save changes
1462611571705	addons.xpi	DEBUG	Updating database with changes to installed add-ons
1462611571705	addons.xpi-utils	DEBUG	Updating add-on states
1462611571707	addons.xpi-utils	DEBUG	Writing add-ons list
1462611571709	addons.xpi	DEBUG	Registering manifest for C:\Program Files (x86)\Mozilla Firefox\browser\features\e10srollout@mozilla.org.xpi
1462611571710	addons.xpi	DEBUG	Calling bootstrap method startup on e10srollout@mozilla.org version 1.0
1462611571710	addons.xpi	DEBUG	Registering manifest for C:\Program Files (x86)\Mozilla Firefox\browser\features\firefox@getpocket.com.xpi
1462611571710	addons.xpi	DEBUG	Calling bootstrap method startup on firefox@getpocket.com version 1.0
1462611571711	addons.xpi	DEBUG	Registering manifest for C:\Program Files (x86)\Mozilla Firefox\browser\features\loop@mozilla.org.xpi
1462611571711	addons.xpi	DEBUG	Calling bootstrap method startup on loop@mozilla.org version 1.2.6
1462611571725	addons.manager	DEBUG	Registering shutdown blocker for XPIProvider
1462611571725	addons.manager	DEBUG	Provider finished startup: XPIProvider
1462611571725	addons.manager	DEBUG	Starting provider: LightweightThemeManager
1462611571726	addons.manager	DEBUG	Registering shutdown blocker for LightweightThemeManager
1462611571726	addons.manager	DEBUG	Provider finished startup: LightweightThemeManager
1462611571726	addons.manager	DEBUG	Starting provider: GMPProvider
1462611571730	addons.manager	DEBUG	Registering shutdown blocker for GMPProvider
1462611571730	addons.manager	DEBUG	Provider finished startup: GMPProvider
1462611571730	addons.manager	DEBUG	Starting provider: PluginProvider
1462611571730	addons.manager	DEBUG	Registering shutdown blocker for PluginProvider
1462611571730	addons.manager	DEBUG	Provider finished startup: PluginProvider
1462611571730	addons.manager	DEBUG	Completed startup sequence
1462611574253	addons.manager	DEBUG	Starting provider: &lt;unnamed-provider&gt;
1462611574253	addons.manager	DEBUG	Registering shutdown blocker for &lt;unnamed-provider&gt;
1462611574253	addons.manager	DEBUG	Provider finished startup: &lt;unnamed-provider&gt;
1462611575691	DeferredSave.extensions.json	DEBUG	Write succeeded
1462611575691	addons.xpi-utils	DEBUG	XPI Database saved, setting schema version preference to 17
1462611575692	DeferredSave.extensions.json	DEBUG	Starting timer
1462611575699	addons.repository	DEBUG	No addons.json found.
1462611575716	DeferredSave.addons.json	DEBUG	Save changes
1462611575747	DeferredSave.addons.json	DEBUG	Starting timer
1462611575935	addons.manager	DEBUG	Starting provider: PreviousExperimentProvider
1462611575935	addons.manager	DEBUG	Registering shutdown blocker for PreviousExperimentProvider
1462611575935	addons.manager	DEBUG	Provider finished startup: PreviousExperimentProvider
1462611575939	DeferredSave.extensions.json	DEBUG	Starting write
1462611575941	DeferredSave.addons.json	DEBUG	Starting write
1462611576055	DeferredSave.extensions.json	DEBUG	Write succeeded
1462611576067	DeferredSave.addons.json	DEBUG	Write succeeded

Build info: version: &apos;2.48.0&apos;, revision: &apos;b7b081a4f1289f17e8ecd38bc67e137c2a12e34a&apos;, time: &apos;2015-10-07 09:50:14&apos;
System info: host: &apos;samuel-andoh&apos;, ip: &apos;10.0.0.163&apos;, os.name: &apos;Windows 8.1&apos;, os.arch: &apos;amd64&apos;, os.version: &apos;6.3&apos;, java.version: &apos;1.7.0_79&apos;
Driver info: driver.version: FirefoxDriver" type="org.openqa.selenium.WebDriverException">org.openqa.selenium.WebDriverException: Failed to connect to binary FirefoxBinary(C:\Program Files (x86)\Mozilla Firefox\firefox.exe) on port 7055; process output follows: 
l,&quot;updateKey&quot;:null,&quot;optionsURL&quot;:null,&quot;optionsType&quot;:null,&quot;aboutURL&quot;:null,&quot;icons&quot;:{&quot;32&quot;:&quot;icon.png&quot;,&quot;48&quot;:&quot;icon.png&quot;},&quot;iconURL&quot;:null,&quot;icon64URL&quot;:null,&quot;defaultLocale&quot;:{&quot;name&quot;:&quot;Default&quot;,&quot;description&quot;:&quot;The default theme.&quot;,&quot;creator&quot;:&quot;Mozilla&quot;,&quot;homepageURL&quot;:null,&quot;contributors&quot;:[&quot;Mozilla Contributors&quot;]},&quot;visible&quot;:true,&quot;active&quot;:true,&quot;userDisabled&quot;:false,&quot;appDisabled&quot;:false,&quot;descriptor&quot;:&quot;C:\\Program Files (x86)\\Mozilla Firefox\\browser\\extensions\\{972ce4c6-7e08-4474-a285-3208198ce6fd}.xpi&quot;,&quot;installDate&quot;:1462529052434,&quot;updateDate&quot;:1462529052434,&quot;applyBackgroundUpdates&quot;:1,&quot;skinnable&quot;:true,&quot;size&quot;:22012,&quot;sourceURI&quot;:null,&quot;releaseNotesURI&quot;:null,&quot;softDisabled&quot;:false,&quot;foreignInstall&quot;:false,&quot;hasBinaryComponents&quot;:false,&quot;strictCompatibility&quot;:true,&quot;locales&quot;:[],&quot;targetApplications&quot;:[{&quot;id&quot;:&quot;{ec8030f7-c20a-464f-9b0e-13a3a9e97384}&quot;,&quot;minVersion&quot;:&quot;46.0.1&quot;,&quot;maxVersion&quot;:&quot;46.0.1&quot;}],&quot;targetPlatforms&quot;:[],&quot;seen&quot;:true}
1462611571704	addons.xpi	DEBUG	getModTime: Recursive scan of {972ce4c6-7e08-4474-a285-3208198ce6fd}
1462611571705	DeferredSave.extensions.json	DEBUG	Save changes
1462611571705	addons.xpi	DEBUG	Updating database with changes to installed add-ons
1462611571705	addons.xpi-utils	DEBUG	Updating add-on states
1462611571707	addons.xpi-utils	DEBUG	Writing add-ons list
1462611571709	addons.xpi	DEBUG	Registering manifest for C:\Program Files (x86)\Mozilla Firefox\browser\features\e10srollout@mozilla.org.xpi
1462611571710	addons.xpi	DEBUG	Calling bootstrap method startup on e10srollout@mozilla.org version 1.0
1462611571710	addons.xpi	DEBUG	Registering manifest for C:\Program Files (x86)\Mozilla Firefox\browser\features\firefox@getpocket.com.xpi
1462611571710	addons.xpi	DEBUG	Calling bootstrap method startup on firefox@getpocket.com version 1.0
1462611571711	addons.xpi	DEBUG	Registering manifest for C:\Program Files (x86)\Mozilla Firefox\browser\features\loop@mozilla.org.xpi
1462611571711	addons.xpi	DEBUG	Calling bootstrap method startup on loop@mozilla.org version 1.2.6
1462611571725	addons.manager	DEBUG	Registering shutdown blocker for XPIProvider
1462611571725	addons.manager	DEBUG	Provider finished startup: XPIProvider
1462611571725	addons.manager	DEBUG	Starting provider: LightweightThemeManager
1462611571726	addons.manager	DEBUG	Registering shutdown blocker for LightweightThemeManager
1462611571726	addons.manager	DEBUG	Provider finished startup: LightweightThemeManager
1462611571726	addons.manager	DEBUG	Starting provider: GMPProvider
1462611571730	addons.manager	DEBUG	Registering shutdown blocker for GMPProvider
1462611571730	addons.manager	DEBUG	Provider finished startup: GMPProvider
1462611571730	addons.manager	DEBUG	Starting provider: PluginProvider
1462611571730	addons.manager	DEBUG	Registering shutdown blocker for PluginProvider
1462611571730	addons.manager	DEBUG	Provider finished startup: PluginProvider
1462611571730	addons.manager	DEBUG	Completed startup sequence
1462611574253	addons.manager	DEBUG	Starting provider: &lt;unnamed-provider&gt;
1462611574253	addons.manager	DEBUG	Registering shutdown blocker for &lt;unnamed-provider&gt;
1462611574253	addons.manager	DEBUG	Provider finished startup: &lt;unnamed-provider&gt;
1462611575691	DeferredSave.extensions.json	DEBUG	Write succeeded
1462611575691	addons.xpi-utils	DEBUG	XPI Database saved, setting schema version preference to 17
1462611575692	DeferredSave.extensions.json	DEBUG	Starting timer
1462611575699	addons.repository	DEBUG	No addons.json found.
1462611575716	DeferredSave.addons.json	DEBUG	Save changes
1462611575747	DeferredSave.addons.json	DEBUG	Starting timer
1462611575935	addons.manager	DEBUG	Starting provider: PreviousExperimentProvider
1462611575935	addons.manager	DEBUG	Registering shutdown blocker for PreviousExperimentProvider
1462611575935	addons.manager	DEBUG	Provider finished startup: PreviousExperimentProvider
1462611575939	DeferredSave.extensions.json	DEBUG	Starting write
1462611575941	DeferredSave.addons.json	DEBUG	Starting write
1462611576055	DeferredSave.extensions.json	DEBUG	Write succeeded
1462611576067	DeferredSave.addons.json	DEBUG	Write succeeded
Build info: version: &apos;2.48.0&apos;, revision: &apos;b7b081a4f1289f17e8ecd38bc67e137c2a12e34a&apos;, time: &apos;2015-10-07 09:50:14&apos;
System info: host: &apos;samuel-andoh&apos;, ip: &apos;10.0.0.163&apos;, os.name: &apos;Windows 8.1&apos;, os.arch: &apos;amd64&apos;, os.version: &apos;6.3&apos;, java.version: &apos;1.7.0_79&apos;
Driver info: driver.version: FirefoxDriver
	at org.openqa.selenium.firefox.internal.NewProfileExtensionConnection.start(NewProfileExtensionConnection.java:135)
	at org.openqa.selenium.firefox.FirefoxDriver.startClient(FirefoxDriver.java:271)
	at org.openqa.selenium.remote.RemoteWebDriver.&lt;init&gt;(RemoteWebDriver.java:117)
	at org.openqa.selenium.firefox.FirefoxDriver.&lt;init&gt;(FirefoxDriver.java:216)
	at org.openqa.selenium.firefox.FirefoxDriver.&lt;init&gt;(FirefoxDriver.java:211)
	at org.openqa.selenium.firefox.FirefoxDriver.&lt;init&gt;(FirefoxDriver.java:207)
	at org.openqa.selenium.firefox.FirefoxDriver.&lt;init&gt;(FirefoxDriver.java:120)
	at pageFactoryTest.bAppTest.setup1(bAppTest.java:31)
Caused by: org.openqa.selenium.firefox.NotConnectedException: Unable to connect to host 127.0.0.1 on port 7055 after 45000 ms. Firefox console output:
l,&quot;updateKey&quot;:null,&quot;optionsURL&quot;:null,&quot;optionsType&quot;:null,&quot;aboutURL&quot;:null,&quot;icons&quot;:{&quot;32&quot;:&quot;icon.png&quot;,&quot;48&quot;:&quot;icon.png&quot;},&quot;iconURL&quot;:null,&quot;icon64URL&quot;:null,&quot;defaultLocale&quot;:{&quot;name&quot;:&quot;Default&quot;,&quot;description&quot;:&quot;The default theme.&quot;,&quot;creator&quot;:&quot;Mozilla&quot;,&quot;homepageURL&quot;:null,&quot;contributors&quot;:[&quot;Mozilla Contributors&quot;]},&quot;visible&quot;:true,&quot;active&quot;:true,&quot;userDisabled&quot;:false,&quot;appDisabled&quot;:false,&quot;descriptor&quot;:&quot;C:\\Program Files (x86)\\Mozilla Firefox\\browser\\extensions\\{972ce4c6-7e08-4474-a285-3208198ce6fd}.xpi&quot;,&quot;installDate&quot;:1462529052434,&quot;updateDate&quot;:1462529052434,&quot;applyBackgroundUpdates&quot;:1,&quot;skinnable&quot;:true,&quot;size&quot;:22012,&quot;sourceURI&quot;:null,&quot;releaseNotesURI&quot;:null,&quot;softDisabled&quot;:false,&quot;foreignInstall&quot;:false,&quot;hasBinaryComponents&quot;:false,&quot;strictCompatibility&quot;:true,&quot;locales&quot;:[],&quot;targetApplications&quot;:[{&quot;id&quot;:&quot;{ec8030f7-c20a-464f-9b0e-13a3a9e97384}&quot;,&quot;minVersion&quot;:&quot;46.0.1&quot;,&quot;maxVersion&quot;:&quot;46.0.1&quot;}],&quot;targetPlatforms&quot;:[],&quot;seen&quot;:true}
1462611571704	addons.xpi	DEBUG	getModTime: Recursive scan of {972ce4c6-7e08-4474-a285-3208198ce6fd}
1462611571705	DeferredSave.extensions.json	DEBUG	Save changes
1462611571705	addons.xpi	DEBUG	Updating database with changes to installed add-ons
1462611571705	addons.xpi-utils	DEBUG	Updating add-on states
1462611571707	addons.xpi-utils	DEBUG	Writing add-ons list
1462611571709	addons.xpi	DEBUG	Registering manifest for C:\Program Files (x86)\Mozilla Firefox\browser\features\e10srollout@mozilla.org.xpi
1462611571710	addons.xpi	DEBUG	Calling bootstrap method startup on e10srollout@mozilla.org version 1.0
1462611571710	addons.xpi	DEBUG	Registering manifest for C:\Program Files (x86)\Mozilla Firefox\browser\features\firefox@getpocket.com.xpi
1462611571710	addons.xpi	DEBUG	Calling bootstrap method startup on firefox@getpocket.com version 1.0
1462611571711	addons.xpi	DEBUG	Registering manifest for C:\Program Files (x86)\Mozilla Firefox\browser\features\loop@mozilla.org.xpi
1462611571711	addons.xpi	DEBUG	Calling bootstrap method startup on loop@mozilla.org version 1.2.6
1462611571725	addons.manager	DEBUG	Registering shutdown blocker for XPIProvider
1462611571725	addons.manager	DEBUG	Provider finished startup: XPIProvider
1462611571725	addons.manager	DEBUG	Starting provider: LightweightThemeManager
1462611571726	addons.manager	DEBUG	Registering shutdown blocker for LightweightThemeManager
1462611571726	addons.manager	DEBUG	Provider finished startup: LightweightThemeManager
1462611571726	addons.manager	DEBUG	Starting provider: GMPProvider
1462611571730	addons.manager	DEBUG	Registering shutdown blocker for GMPProvider
1462611571730	addons.manager	DEBUG	Provider finished startup: GMPProvider
1462611571730	addons.manager	DEBUG	Starting provider: PluginProvider
1462611571730	addons.manager	DEBUG	Registering shutdown blocker for PluginProvider
1462611571730	addons.manager	DEBUG	Provider finished startup: PluginProvider
1462611571730	addons.manager	DEBUG	Completed startup sequence
1462611574253	addons.manager	DEBUG	Starting provider: &lt;unnamed-provider&gt;
1462611574253	addons.manager	DEBUG	Registering shutdown blocker for &lt;unnamed-provider&gt;
1462611574253	addons.manager	DEBUG	Provider finished startup: &lt;unnamed-provider&gt;
1462611575691	DeferredSave.extensions.json	DEBUG	Write succeeded
1462611575691	addons.xpi-utils	DEBUG	XPI Database saved, setting schema version preference to 17
1462611575692	DeferredSave.extensions.json	DEBUG	Starting timer
1462611575699	addons.repository	DEBUG	No addons.json found.
1462611575716	DeferredSave.addons.json	DEBUG	Save changes
1462611575747	DeferredSave.addons.json	DEBUG	Starting timer
1462611575935	addons.manager	DEBUG	Starting provider: PreviousExperimentProvider
1462611575935	addons.manager	DEBUG	Registering shutdown blocker for PreviousExperimentProvider
1462611575935	addons.manager	DEBUG	Provider finished startup: PreviousExperimentProvider
1462611575939	DeferredSave.extensions.json	DEBUG	Starting write
1462611575941	DeferredSave.addons.json	DEBUG	Starting write
1462611576055	DeferredSave.extensions.json	DEBUG	Write succeeded
1462611576067	DeferredSave.addons.json	DEBUG	Write succeeded

	at org.openqa.selenium.firefox.internal.NewProfileExtensionConnection.start(NewProfileExtensionConnection.java:123)
	... 39 more
</failure>
    <system-out>Configuring TestNG with: org.apache.maven.surefire.testng.conf.TestNG652Configurator@6d2abadc
</system-out>
    <system-err>org.openqa.selenium.firefox.NotConnectedException: Unable to connect to host 127.0.0.1 on port 7055 after 45000 ms. Firefox console output:
l,&quot;updateKey&quot;:null,&quot;optionsURL&quot;:null,&quot;optionsType&quot;:null,&quot;aboutURL&quot;:null,&quot;icons&quot;:{&quot;32&quot;:&quot;icon.png&quot;,&quot;48&quot;:&quot;icon.png&quot;},&quot;iconURL&quot;:null,&quot;icon64URL&quot;:null,&quot;defaultLocale&quot;:{&quot;name&quot;:&quot;Default&quot;,&quot;description&quot;:&quot;The default theme.&quot;,&quot;creator&quot;:&quot;Mozilla&quot;,&quot;homepageURL&quot;:null,&quot;contributors&quot;:[&quot;Mozilla Contributors&quot;]},&quot;visible&quot;:true,&quot;active&quot;:true,&quot;userDisabled&quot;:false,&quot;appDisabled&quot;:false,&quot;descriptor&quot;:&quot;C:\\Program Files (x86)\\Mozilla Firefox\\browser\\extensions\\{972ce4c6-7e08-4474-a285-3208198ce6fd}.xpi&quot;,&quot;installDate&quot;:1462529052434,&quot;updateDate&quot;:1462529052434,&quot;applyBackgroundUpdates&quot;:1,&quot;skinnable&quot;:true,&quot;size&quot;:22012,&quot;sourceURI&quot;:null,&quot;releaseNotesURI&quot;:null,&quot;softDisabled&quot;:false,&quot;foreignInstall&quot;:false,&quot;hasBinaryComponents&quot;:false,&quot;strictCompatibility&quot;:true,&quot;locales&quot;:[],&quot;targetApplications&quot;:[{&quot;id&quot;:&quot;{ec8030f7-c20a-464f-9b0e-13a3a9e97384}&quot;,&quot;minVersion&quot;:&quot;46.0.1&quot;,&quot;maxVersion&quot;:&quot;46.0.1&quot;}],&quot;targetPlatforms&quot;:[],&quot;seen&quot;:true}
1462611571704	addons.xpi	DEBUG	getModTime: Recursive scan of {972ce4c6-7e08-4474-a285-3208198ce6fd}
1462611571705	DeferredSave.extensions.json	DEBUG	Save changes
1462611571705	addons.xpi	DEBUG	Updating database with changes to installed add-ons
1462611571705	addons.xpi-utils	DEBUG	Updating add-on states
1462611571707	addons.xpi-utils	DEBUG	Writing add-ons list
1462611571709	addons.xpi	DEBUG	Registering manifest for C:\Program Files (x86)\Mozilla Firefox\browser\features\e10srollout@mozilla.org.xpi
1462611571710	addons.xpi	DEBUG	Calling bootstrap method startup on e10srollout@mozilla.org version 1.0
1462611571710	addons.xpi	DEBUG	Registering manifest for C:\Program Files (x86)\Mozilla Firefox\browser\features\firefox@getpocket.com.xpi
1462611571710	addons.xpi	DEBUG	Calling bootstrap method startup on firefox@getpocket.com version 1.0
1462611571711	addons.xpi	DEBUG	Registering manifest for C:\Program Files (x86)\Mozilla Firefox\browser\features\loop@mozilla.org.xpi
1462611571711	addons.xpi	DEBUG	Calling bootstrap method startup on loop@mozilla.org version 1.2.6
1462611571725	addons.manager	DEBUG	Registering shutdown blocker for XPIProvider
1462611571725	addons.manager	DEBUG	Provider finished startup: XPIProvider
1462611571725	addons.manager	DEBUG	Starting provider: LightweightThemeManager
1462611571726	addons.manager	DEBUG	Registering shutdown blocker for LightweightThemeManager
1462611571726	addons.manager	DEBUG	Provider finished startup: LightweightThemeManager
1462611571726	addons.manager	DEBUG	Starting provider: GMPProvider
1462611571730	addons.manager	DEBUG	Registering shutdown blocker for GMPProvider
1462611571730	addons.manager	DEBUG	Provider finished startup: GMPProvider
1462611571730	addons.manager	DEBUG	Starting provider: PluginProvider
1462611571730	addons.manager	DEBUG	Registering shutdown blocker for PluginProvider
1462611571730	addons.manager	DEBUG	Provider finished startup: PluginProvider
1462611571730	addons.manager	DEBUG	Completed startup sequence
1462611574253	addons.manager	DEBUG	Starting provider: &lt;unnamed-provider&gt;
1462611574253	addons.manager	DEBUG	Registering shutdown blocker for &lt;unnamed-provider&gt;
1462611574253	addons.manager	DEBUG	Provider finished startup: &lt;unnamed-provider&gt;
1462611575691	DeferredSave.extensions.json	DEBUG	Write succeeded
1462611575691	addons.xpi-utils	DEBUG	XPI Database saved, setting schema version preference to 17
1462611575692	DeferredSave.extensions.json	DEBUG	Starting timer
1462611575699	addons.repository	DEBUG	No addons.json found.
1462611575716	DeferredSave.addons.json	DEBUG	Save changes
1462611575747	DeferredSave.addons.json	DEBUG	Starting timer
1462611575935	addons.manager	DEBUG	Starting provider: PreviousExperimentProvider
1462611575935	addons.manager	DEBUG	Registering shutdown blocker for PreviousExperimentProvider
1462611575935	addons.manager	DEBUG	Provider finished startup: PreviousExperimentProvider
1462611575939	DeferredSave.extensions.json	DEBUG	Starting write
1462611575941	DeferredSave.addons.json	DEBUG	Starting write
1462611576055	DeferredSave.extensions.json	DEBUG	Write succeeded
1462611576067	DeferredSave.addons.json	DEBUG	Write succeeded

	at org.openqa.selenium.firefox.internal.NewProfileExtensionConnection.start(NewProfileExtensionConnection.java:123)
	at org.openqa.selenium.firefox.FirefoxDriver.startClient(FirefoxDriver.java:271)
	at org.openqa.selenium.remote.RemoteWebDriver.&lt;init&gt;(RemoteWebDriver.java:117)
	at org.openqa.selenium.firefox.FirefoxDriver.&lt;init&gt;(FirefoxDriver.java:216)
	at org.openqa.selenium.firefox.FirefoxDriver.&lt;init&gt;(FirefoxDriver.java:211)
	at org.openqa.selenium.firefox.FirefoxDriver.&lt;init&gt;(FirefoxDriver.java:207)
	at org.openqa.selenium.firefox.FirefoxDriver.&lt;init&gt;(FirefoxDriver.java:120)
	at pageFactoryTest.bAppTest.setup1(bAppTest.java:31)
	at sun.reflect.NativeMethodAccessorImpl.invoke0(Native Method)
	at sun.reflect.NativeMethodAccessorImpl.invoke(NativeMethodAccessorImpl.java:57)
	at sun.reflect.DelegatingMethodAccessorImpl.invoke(DelegatingMethodAccessorImpl.java:43)
	at java.lang.reflect.Method.invoke(Method.java:606)
	at org.testng.internal.MethodInvocationHelper.invokeMethod(MethodInvocationHelper.java:86)
	at org.testng.internal.Invoker.invokeConfigurationMethod(Invoker.java:514)
	at org.testng.internal.Invoker.invokeConfigurations(Invoker.java:215)
	at org.testng.internal.Invoker.invokeConfigurations(Invoker.java:142)
	at org.testng.TestRunner.beforeRun(TestRunner.java:656)
	at org.testng.TestRunner.run(TestRunner.java:624)
	at org.testng.SuiteRunner.runTest(SuiteRunner.java:366)
	at org.testng.SuiteRunner.runSequentially(SuiteRunner.java:361)
	at org.testng.SuiteRunner.privateRun(SuiteRunner.java:319)
	at org.testng.SuiteRunner.run(SuiteRunner.java:268)
	at org.testng.SuiteRunnerWorker.runSuite(SuiteRunnerWorker.java:52)
	at org.testng.SuiteRunnerWorker.run(SuiteRunnerWorker.java:86)
	at org.testng.TestNG.runSuitesSequentially(TestNG.java:1244)
	at org.testng.TestNG.runSuitesLocally(TestNG.java:1169)
	at org.testng.TestNG.run(TestNG.java:1064)
	at org.apache.maven.surefire.testng.TestNGExecutor.run(TestNGExecutor.java:77)
	at org.apache.maven.surefire.testng.TestNGDirectoryTestSuite.executeMulti(TestNGDirectoryTestSuite.java:159)
	at org.apache.maven.surefire.testng.TestNGDirectoryTestSuite.execute(TestNGDirectoryTestSuite.java:99)
	at org.apache.maven.surefire.testng.TestNGProvider.invoke(TestNGProvider.java:106)
	at sun.reflect.NativeMethodAccessorImpl.invoke0(Native Method)
	at sun.reflect.NativeMethodAccessorImpl.invoke(NativeMethodAccessorImpl.java:57)
	at sun.reflect.DelegatingMethodAccessorImpl.invoke(DelegatingMethodAccessorImpl.java:43)
	at java.lang.reflect.Method.invoke(Method.java:606)
	at org.apache.maven.surefire.util.ReflectionUtils.invokeMethodWithArray(ReflectionUtils.java:189)
	at org.apache.maven.surefire.booter.ProviderFactory$ProviderProxy.invoke(ProviderFactory.java:165)
	at org.apache.maven.surefire.booter.ProviderFactory.invokeProvider(ProviderFactory.java:85)
	at org.apache.maven.surefire.booter.ForkedBooter.runSuitesInProcess(ForkedBooter.java:115)
	at org.apache.maven.surefire.booter.ForkedBooter.main(ForkedBooter.java:75)
</system-err>
  </testcase>
  <testcase time="48.473" classname="pageFactoryTest.bAppTest" name="setup1">
    <skipped/>
  </testcase>
  <testcase time="48.473" classname="pageFactoryTest.bAppTest" name="setup1">
    <skipped/>
  </testcase>
  <testcase time="48.473" classname="pageFactoryTest.bAppTest" name="setup">
    <skipped/>
  </testcase>
  <testcase time="0" classname="pageFactoryTest.bAppTest" name="bingSearchTest1">
    <skipped/>
  </testcase>
  <testcase time="0" classname="pageFactoryTest.cAppTest" name="bingSearchTest2">
    <skipped/>
  </testcase>
  <testcase time="0" classname="pageFactoryTest.eLoginPageTest" name="parameterTestData">
    <skipped/>
  </testcase>
</testsuite>