<?xml version="1.0" encoding="UTF-8"?>
<testng-results skipped="0" failed="0" total="1" passed="1">
  <reporter-output>
    <line>
      <![CDATA[launch the internet browser ]]>
    </line>
    <line>
      <![CDATA[------------------------------------- ]]>
    </line>
    <line>
      <![CDATA[validate Search Field ]]>
    </line>
    <line>
      <![CDATA[validate Search Button]]>
    </line>
    <line>
      <![CDATA[andoh.samuel@gmail.comThis Test Data is NOT correct ]]>
    </line>
    <line>
      <![CDATA[launch the internet browser ]]>
    </line>
    <line>
      <![CDATA[------------------------------------- ]]>
    </line>
    <line>
      <![CDATA[validate Search Field ]]>
    </line>
    <line>
      <![CDATA[validate Search Button]]>
    </line>
    <line>
      <![CDATA[sammy27gh@yahoo.comThis Test Data is NOT correct ]]>
    </line>
    <line>
      <![CDATA[launch the internet browser ]]>
    </line>
    <line>
      <![CDATA[------------------------------------- ]]>
    </line>
    <line>
      <![CDATA[validate Search Field ]]>
    </line>
    <line>
      <![CDATA[validate Search Button]]>
    </line>
    <line>
      <![CDATA[andoh.samuel@gmail.comThis Test Data is NOT correct ]]>
    </line>
    <line>
      <![CDATA[launch the internet browser ]]>
    </line>
    <line>
      <![CDATA[------------------------------------- ]]>
    </line>
    <line>
      <![CDATA[validate Search Field ]]>
    </line>
    <line>
      <![CDATA[validate Search Button]]>
    </line>
    <line>
      <![CDATA[sammy27gh@yahoo.comThis Test Data is NOT correct ]]>
    </line>
    <line>
      <![CDATA[launch the internet browser ]]>
    </line>
    <line>
      <![CDATA[------------------------------------- ]]>
    </line>
  </reporter-output>
  <suite name="Command line suite" duration-ms="100851" started-at="2016-05-14T02:10:00Z" finished-at="2016-05-14T02:11:41Z">
    <groups>
    </groups>
    <test name="Command line test" duration-ms="100851" started-at="2016-05-14T02:10:00Z" finished-at="2016-05-14T02:11:41Z">
      <class name="pageFactoryTest.eLoginPageTest">
        <test-method status="PASS" signature="setup1()[pri:0, instance:pageFactoryTest.eLoginPageTest@1b2d813e]" name="setup1" is-config="true" duration-ms="8920" started-at="2016-05-13T21:10:00Z" finished-at="2016-05-13T21:10:09Z">
          <reporter-output>
            <line>
              <![CDATA[launch the internet browser ]]>
            </line>
            <line>
              <![CDATA[------------------------------------- ]]>
            </line>
          </reporter-output>
        </test-method> <!-- setup1 -->
        <test-method status="PASS" signature="parameterTestData()[pri:0, instance:pageFactoryTest.eLoginPageTest@1b2d813e]" name="parameterTestData" duration-ms="91912" started-at="2016-05-13T21:10:09Z" finished-at="2016-05-13T21:11:41Z">
          <reporter-output>
            <line>
              <![CDATA[validate Search Field ]]>
            </line>
            <line>
              <![CDATA[validate Search Button]]>
            </line>
            <line>
              <![CDATA[andoh.samuel@gmail.comThis Test Data is NOT correct ]]>
            </line>
            <line>
              <![CDATA[launch the internet browser ]]>
            </line>
            <line>
              <![CDATA[------------------------------------- ]]>
            </line>
            <line>
              <![CDATA[validate Search Field ]]>
            </line>
            <line>
              <![CDATA[validate Search Button]]>
            </line>
            <line>
              <![CDATA[sammy27gh@yahoo.comThis Test Data is NOT correct ]]>
            </line>
            <line>
              <![CDATA[launch the internet browser ]]>
            </line>
            <line>
              <![CDATA[------------------------------------- ]]>
            </line>
            <line>
              <![CDATA[validate Search Field ]]>
            </line>
            <line>
              <![CDATA[validate Search Button]]>
            </line>
            <line>
              <![CDATA[andoh.samuel@gmail.comThis Test Data is NOT correct ]]>
            </line>
            <line>
              <![CDATA[launch the internet browser ]]>
            </line>
            <line>
              <![CDATA[------------------------------------- ]]>
            </line>
            <line>
              <![CDATA[validate Search Field ]]>
            </line>
            <line>
              <![CDATA[validate Search Button]]>
            </line>
            <line>
              <![CDATA[sammy27gh@yahoo.comThis Test Data is NOT correct ]]>
            </line>
            <line>
              <![CDATA[launch the internet browser ]]>
            </line>
            <line>
              <![CDATA[------------------------------------- ]]>
            </line>
          </reporter-output>
        </test-method> <!-- parameterTestData -->
      </class> <!-- pageFactoryTest.eLoginPageTest -->
    </test> <!-- Command line test -->
  </suite> <!-- Command line suite -->
</testng-results>
