<?xml version="1.0" encoding="UTF-8"?>
<testng-results skipped="0" failed="0" total="3" passed="3">
  <reporter-output>
    <line>
      <![CDATA[launch the internet browser ]]>
    </line>
    <line>
      <![CDATA[launch the internet browser ]]>
    </line>
    <line>
      <![CDATA[Test for Books ]]>
    </line>
  </reporter-output>
  <suite name="Command line suite" duration-ms="200652" started-at="2016-05-09T02:34:22Z" finished-at="2016-05-09T02:37:42Z">
    <groups>
    </groups>
    <test name="Command line test" duration-ms="200652" started-at="2016-05-09T02:34:22Z" finished-at="2016-05-09T02:37:42Z">
      <class name="pageFactoryTest.eLoginPageTest">
        <test-method status="PASS" signature="parameterTestData()[pri:0, instance:pageFactoryTest.eLoginPageTest@610a9daf]" name="parameterTestData" duration-ms="127708" started-at="2016-05-08T21:35:35Z" finished-at="2016-05-08T21:37:42Z">
          <reporter-output>
          </reporter-output>
        </test-method> <!-- parameterTestData -->
      </class> <!-- pageFactoryTest.eLoginPageTest -->
      <class name="pageFactoryTest.cAppTest">
        <test-method status="PASS" signature="bingSearchTest2()[pri:0, instance:pageFactoryTest.cAppTest@6f5d1f6a]" name="bingSearchTest2" duration-ms="15201" started-at="2016-05-08T21:35:19Z" finished-at="2016-05-08T21:35:35Z">
          <reporter-output>
          </reporter-output>
        </test-method> <!-- bingSearchTest2 -->
      </class> <!-- pageFactoryTest.cAppTest -->
      <class name="pageFactoryTest.bAppTest">
        <test-method status="PASS" signature="setup1()[pri:0, instance:pageFactoryTest.bAppTest@49d3c9ab]" name="setup1" is-config="true" duration-ms="10955" started-at="2016-05-08T21:34:22Z" finished-at="2016-05-08T21:34:33Z">
          <reporter-output>
            <line>
              <![CDATA[launch the internet browser ]]>
            </line>
          </reporter-output>
        </test-method> <!-- setup1 -->
        <test-method status="PASS" signature="setup1()[pri:0, instance:pageFactoryTest.cAppTest@6f5d1f6a]" name="setup1" is-config="true" duration-ms="8316" started-at="2016-05-08T21:34:33Z" finished-at="2016-05-08T21:34:41Z">
          <reporter-output>
          </reporter-output>
        </test-method> <!-- setup1 -->
        <test-method status="PASS" signature="setup1()[pri:0, instance:pageFactoryTest.dAppTest@4ab9a144]" name="setup1" is-config="true" duration-ms="10784" started-at="2016-05-08T21:34:41Z" finished-at="2016-05-08T21:34:52Z">
          <reporter-output>
          </reporter-output>
        </test-method> <!-- setup1 -->
        <test-method status="PASS" signature="setup()[pri:0, instance:pageFactoryTest.eLoginPageTest@610a9daf]" name="setup" is-config="true" duration-ms="10439" started-at="2016-05-08T21:34:52Z" finished-at="2016-05-08T21:35:02Z">
          <reporter-output>
          </reporter-output>
        </test-method> <!-- setup -->
        <test-method status="PASS" signature="bingSearchTest1()[pri:0, instance:pageFactoryTest.bAppTest@49d3c9ab]" name="bingSearchTest1" duration-ms="17231" started-at="2016-05-08T21:35:02Z" finished-at="2016-05-08T21:35:19Z">
          <reporter-output>
            <line>
              <![CDATA[launch the internet browser ]]>
            </line>
            <line>
              <![CDATA[Test for Books ]]>
            </line>
          </reporter-output>
        </test-method> <!-- bingSearchTest1 -->
      </class> <!-- pageFactoryTest.bAppTest -->
    </test> <!-- Command line test -->
  </suite> <!-- Command line suite -->
</testng-results>
