<?xml version="1.0" encoding="UTF-8" ?>
<testsuite failures="2" time="356.88" errors="0" skipped="0" tests="7" name="TestSuite">
  <properties>
[...]
</properties>
  <testcase time="14.43" classname="CreditCardTest.CreditCardTest" name="app_Test"/>
  <testcase time="17.279" classname="CreditCardTest.CreditCardTest" name="app_gmailAccountTest">
    <failure message="the account did not have a tag. expected [true] but found [false]" type="java.lang.AssertionError">java.lang.AssertionError: the account did not have a tag. expected [true] but found [false]
	at org.testng.Assert.fail(Assert.java:94)
	at org.testng.Assert.failNotEquals(Assert.java:496)
	at org.testng.Assert.assertEquals(Assert.java:125)
	at org.testng.Assert.assertEquals(Assert.java:288)
	at CreditCardTest.CreditCardTest.app_gmailAccountTest(CreditCardTest.java:39)
</failure>
    <system-err>Oct 04, 2016 3:46:42 PM com.gargoylesoftware.htmlunit.html.InputElementFactory createElementNS
INFO: Bad input type: &quot;email&quot;, creating a text input
Oct 04, 2016 3:46:44 PM com.gargoylesoftware.htmlunit.DefaultCssErrorHandler error
WARNING: CSS error: &apos;https://cdn.sstatic.net/Sites/stackoverflow/all.css?v=5a033270afbb&apos; [1:64499] Error in expression. (Invalid token &quot; &quot;. Was expecting one of: &lt;NUMBER&gt;, &quot;inherit&quot;, &lt;IDENT&gt;, &lt;STRING&gt;, &lt;HASH&gt;, &lt;EMS&gt;, &lt;EXS&gt;, &lt;LENGTH_PX&gt;, &lt;LENGTH_CM&gt;, &lt;LENGTH_MM&gt;, &lt;LENGTH_IN&gt;, &lt;LENGTH_PT&gt;, &lt;LENGTH_PC&gt;, &lt;ANGLE_DEG&gt;, &lt;ANGLE_RAD&gt;, &lt;ANGLE_GRAD&gt;, &lt;TIME_MS&gt;, &lt;TIME_S&gt;, &lt;FREQ_HZ&gt;, &lt;FREQ_KHZ&gt;, &lt;RESOLUTION_DPI&gt;, &lt;RESOLUTION_DPCM&gt;, &lt;PERCENTAGE&gt;, &lt;DIMENSION&gt;, &lt;URI&gt;, &lt;FUNCTION&gt;.)
Oct 04, 2016 3:46:44 PM com.gargoylesoftware.htmlunit.DefaultCssErrorHandler error
WARNING: CSS error: &apos;https://cdn.sstatic.net/Sites/stackoverflow/all.css?v=5a033270afbb&apos; [1:84673] Error in style rule. (Invalid token &quot;!&quot;. Was expecting one of: &lt;EOF&gt;, &lt;S&gt;, &lt;NUMBER&gt;, &quot;inherit&quot;, &lt;IDENT&gt;, &lt;STRING&gt;, &quot;}&quot;, &quot;;&quot;, &quot;/&quot;, &quot;-&quot;, &lt;PLUS&gt;, &lt;COMMA&gt;, &lt;HASH&gt;, &lt;IMPORTANT_SYM&gt;, &lt;EMS&gt;, &lt;EXS&gt;, &lt;LENGTH_PX&gt;, &lt;LENGTH_CM&gt;, &lt;LENGTH_MM&gt;, &lt;LENGTH_IN&gt;, &lt;LENGTH_PT&gt;, &lt;LENGTH_PC&gt;, &lt;ANGLE_DEG&gt;, &lt;ANGLE_RAD&gt;, &lt;ANGLE_GRAD&gt;, &lt;TIME_MS&gt;, &lt;TIME_S&gt;, &lt;FREQ_HZ&gt;, &lt;FREQ_KHZ&gt;, &lt;RESOLUTION_DPI&gt;, &lt;RESOLUTION_DPCM&gt;, &lt;PERCENTAGE&gt;, &lt;DIMENSION&gt;, &lt;URI&gt;, &lt;FUNCTION&gt;.)
Oct 04, 2016 3:46:44 PM com.gargoylesoftware.htmlunit.DefaultCssErrorHandler warning
WARNING: CSS warning: &apos;https://cdn.sstatic.net/Sites/stackoverflow/all.css?v=5a033270afbb&apos; [1:84673] Ignoring the following declarations in this rule.
Oct 04, 2016 3:46:44 PM com.gargoylesoftware.htmlunit.DefaultCssErrorHandler error
WARNING: CSS error: &apos;https://cdn.sstatic.net/Sites/stackoverflow/all.css?v=5a033270afbb&apos; [1:88587] Error in expression. (Invalid token &quot; &quot;. Was expecting one of: &lt;NUMBER&gt;, &quot;inherit&quot;, &lt;IDENT&gt;, &lt;STRING&gt;, &lt;HASH&gt;, &lt;EMS&gt;, &lt;EXS&gt;, &lt;LENGTH_PX&gt;, &lt;LENGTH_CM&gt;, &lt;LENGTH_MM&gt;, &lt;LENGTH_IN&gt;, &lt;LENGTH_PT&gt;, &lt;LENGTH_PC&gt;, &lt;ANGLE_DEG&gt;, &lt;ANGLE_RAD&gt;, &lt;ANGLE_GRAD&gt;, &lt;TIME_MS&gt;, &lt;TIME_S&gt;, &lt;FREQ_HZ&gt;, &lt;FREQ_KHZ&gt;, &lt;RESOLUTION_DPI&gt;, &lt;RESOLUTION_DPCM&gt;, &lt;PERCENTAGE&gt;, &lt;DIMENSION&gt;, &lt;URI&gt;, &lt;FUNCTION&gt;.)
Oct 04, 2016 3:46:45 PM com.gargoylesoftware.htmlunit.DefaultCssErrorHandler error
WARNING: CSS error: &apos;https://cdn.sstatic.net/Sites/stackoverflow/all.css?v=5a033270afbb&apos; [1:128562] Error in expression. (Invalid token &quot; &quot;. Was expecting one of: &lt;NUMBER&gt;, &quot;inherit&quot;, &lt;IDENT&gt;, &lt;STRING&gt;, &lt;HASH&gt;, &lt;EMS&gt;, &lt;EXS&gt;, &lt;LENGTH_PX&gt;, &lt;LENGTH_CM&gt;, &lt;LENGTH_MM&gt;, &lt;LENGTH_IN&gt;, &lt;LENGTH_PT&gt;, &lt;LENGTH_PC&gt;, &lt;ANGLE_DEG&gt;, &lt;ANGLE_RAD&gt;, &lt;ANGLE_GRAD&gt;, &lt;TIME_MS&gt;, &lt;TIME_S&gt;, &lt;FREQ_HZ&gt;, &lt;FREQ_KHZ&gt;, &lt;RESOLUTION_DPI&gt;, &lt;RESOLUTION_DPCM&gt;, &lt;PERCENTAGE&gt;, &lt;DIMENSION&gt;, &lt;URI&gt;, &lt;FUNCTION&gt;.)
Oct 04, 2016 3:46:45 PM com.gargoylesoftware.htmlunit.DefaultCssErrorHandler error
WARNING: CSS error: &apos;https://cdn.sstatic.net/Sites/stackoverflow/all.css?v=5a033270afbb&apos; [1:147466] Error in expression. (Invalid token &quot;(&quot;. Was expecting one of: &lt;S&gt;, &lt;NUMBER&gt;, &quot;inherit&quot;, &lt;IDENT&gt;, &lt;STRING&gt;, &quot;)&quot;, &quot;-&quot;, &lt;PLUS&gt;, &lt;HASH&gt;, &lt;EMS&gt;, &lt;EXS&gt;, &lt;LENGTH_PX&gt;, &lt;LENGTH_CM&gt;, &lt;LENGTH_MM&gt;, &lt;LENGTH_IN&gt;, &lt;LENGTH_PT&gt;, &lt;LENGTH_PC&gt;, &lt;ANGLE_DEG&gt;, &lt;ANGLE_RAD&gt;, &lt;ANGLE_GRAD&gt;, &lt;TIME_MS&gt;, &lt;TIME_S&gt;, &lt;FREQ_HZ&gt;, &lt;FREQ_KHZ&gt;, &lt;RESOLUTION_DPI&gt;, &lt;RESOLUTION_DPCM&gt;, &lt;PERCENTAGE&gt;, &lt;DIMENSION&gt;, &lt;URI&gt;, &lt;FUNCTION&gt;.)
Oct 04, 2016 3:46:45 PM com.gargoylesoftware.htmlunit.DefaultCssErrorHandler error
WARNING: CSS error: &apos;https://cdn.sstatic.net/Sites/stackoverflow/all.css?v=5a033270afbb&apos; [1:147741] Error in expression. (Invalid token &quot; &quot;. Was expecting one of: &lt;NUMBER&gt;, &quot;inherit&quot;, &lt;IDENT&gt;, &lt;STRING&gt;, &lt;HASH&gt;, &lt;EMS&gt;, &lt;EXS&gt;, &lt;LENGTH_PX&gt;, &lt;LENGTH_CM&gt;, &lt;LENGTH_MM&gt;, &lt;LENGTH_IN&gt;, &lt;LENGTH_PT&gt;, &lt;LENGTH_PC&gt;, &lt;ANGLE_DEG&gt;, &lt;ANGLE_RAD&gt;, &lt;ANGLE_GRAD&gt;, &lt;TIME_MS&gt;, &lt;TIME_S&gt;, &lt;FREQ_HZ&gt;, &lt;FREQ_KHZ&gt;, &lt;RESOLUTION_DPI&gt;, &lt;RESOLUTION_DPCM&gt;, &lt;PERCENTAGE&gt;, &lt;DIMENSION&gt;, &lt;URI&gt;, &lt;FUNCTION&gt;.)
Oct 04, 2016 3:46:45 PM com.gargoylesoftware.htmlunit.DefaultCssErrorHandler error
WARNING: CSS error: &apos;https://cdn.sstatic.net/Sites/stackoverflow/all.css?v=5a033270afbb&apos; [1:158830] Error in declaration. &apos;*&apos; is not allowed as first char of a property.
Oct 04, 2016 3:46:45 PM com.gargoylesoftware.htmlunit.DefaultCssErrorHandler error
WARNING: CSS error: &apos;https://cdn.sstatic.net/Sites/stackoverflow/all.css?v=5a033270afbb&apos; [1:158838] Error in declaration. &apos;*&apos; is not allowed as first char of a property.
Oct 04, 2016 3:46:45 PM com.gargoylesoftware.htmlunit.DefaultCssErrorHandler error
WARNING: CSS error: &apos;https://cdn.sstatic.net/Sites/stackoverflow/all.css?v=5a033270afbb&apos; [1:160857] Error in declaration. &apos;*&apos; is not allowed as first char of a property.
Oct 04, 2016 3:46:45 PM com.gargoylesoftware.htmlunit.DefaultCssErrorHandler error
WARNING: CSS error: &apos;https://cdn.sstatic.net/Sites/stackoverflow/all.css?v=5a033270afbb&apos; [1:236249] Error in expression. (Invalid token &quot; &quot;. Was expecting one of: &lt;NUMBER&gt;, &quot;inherit&quot;, &lt;IDENT&gt;, &lt;STRING&gt;, &lt;HASH&gt;, &lt;EMS&gt;, &lt;EXS&gt;, &lt;LENGTH_PX&gt;, &lt;LENGTH_CM&gt;, &lt;LENGTH_MM&gt;, &lt;LENGTH_IN&gt;, &lt;LENGTH_PT&gt;, &lt;LENGTH_PC&gt;, &lt;ANGLE_DEG&gt;, &lt;ANGLE_RAD&gt;, &lt;ANGLE_GRAD&gt;, &lt;TIME_MS&gt;, &lt;TIME_S&gt;, &lt;FREQ_HZ&gt;, &lt;FREQ_KHZ&gt;, &lt;RESOLUTION_DPI&gt;, &lt;RESOLUTION_DPCM&gt;, &lt;PERCENTAGE&gt;, &lt;DIMENSION&gt;, &lt;URI&gt;, &lt;FUNCTION&gt;.)
Oct 04, 2016 3:46:45 PM com.gargoylesoftware.htmlunit.DefaultCssErrorHandler error
WARNING: CSS error: &apos;https://cdn.sstatic.net/Sites/stackoverflow/all.css?v=5a033270afbb&apos; [1:253048] Error in expression. (Invalid token &quot; &quot;. Was expecting one of: &lt;NUMBER&gt;, &quot;inherit&quot;, &lt;IDENT&gt;, &lt;STRING&gt;, &lt;HASH&gt;, &lt;EMS&gt;, &lt;EXS&gt;, &lt;LENGTH_PX&gt;, &lt;LENGTH_CM&gt;, &lt;LENGTH_MM&gt;, &lt;LENGTH_IN&gt;, &lt;LENGTH_PT&gt;, &lt;LENGTH_PC&gt;, &lt;ANGLE_DEG&gt;, &lt;ANGLE_RAD&gt;, &lt;ANGLE_GRAD&gt;, &lt;TIME_MS&gt;, &lt;TIME_S&gt;, &lt;FREQ_HZ&gt;, &lt;FREQ_KHZ&gt;, &lt;RESOLUTION_DPI&gt;, &lt;RESOLUTION_DPCM&gt;, &lt;PERCENTAGE&gt;, &lt;DIMENSION&gt;, &lt;URI&gt;, &lt;FUNCTION&gt;.)
Oct 04, 2016 3:46:45 PM com.gargoylesoftware.htmlunit.DefaultCssErrorHandler error
WARNING: CSS error: &apos;https://cdn.sstatic.net/Sites/stackoverflow/all.css?v=5a033270afbb&apos; [1:256217] Error in expression. (Invalid token &quot; &quot;. Was expecting one of: &lt;NUMBER&gt;, &quot;inherit&quot;, &lt;IDENT&gt;, &lt;STRING&gt;, &lt;HASH&gt;, &lt;EMS&gt;, &lt;EXS&gt;, &lt;LENGTH_PX&gt;, &lt;LENGTH_CM&gt;, &lt;LENGTH_MM&gt;, &lt;LENGTH_IN&gt;, &lt;LENGTH_PT&gt;, &lt;LENGTH_PC&gt;, &lt;ANGLE_DEG&gt;, &lt;ANGLE_RAD&gt;, &lt;ANGLE_GRAD&gt;, &lt;TIME_MS&gt;, &lt;TIME_S&gt;, &lt;FREQ_HZ&gt;, &lt;FREQ_KHZ&gt;, &lt;RESOLUTION_DPI&gt;, &lt;RESOLUTION_DPCM&gt;, &lt;PERCENTAGE&gt;, &lt;DIMENSION&gt;, &lt;URI&gt;, &lt;FUNCTION&gt;.)
Oct 04, 2016 3:46:46 PM com.gargoylesoftware.htmlunit.DefaultCssErrorHandler error
WARNING: CSS error: &apos;https://cdn.sstatic.net/Sites/stackoverflow/all.css?v=5a033270afbb&apos; [1:288940] Error in expression. (Invalid token &quot; &quot;. Was expecting one of: &lt;NUMBER&gt;, &quot;inherit&quot;, &lt;IDENT&gt;, &lt;STRING&gt;, &lt;HASH&gt;, &lt;EMS&gt;, &lt;EXS&gt;, &lt;LENGTH_PX&gt;, &lt;LENGTH_CM&gt;, &lt;LENGTH_MM&gt;, &lt;LENGTH_IN&gt;, &lt;LENGTH_PT&gt;, &lt;LENGTH_PC&gt;, &lt;ANGLE_DEG&gt;, &lt;ANGLE_RAD&gt;, &lt;ANGLE_GRAD&gt;, &lt;TIME_MS&gt;, &lt;TIME_S&gt;, &lt;FREQ_HZ&gt;, &lt;FREQ_KHZ&gt;, &lt;RESOLUTION_DPI&gt;, &lt;RESOLUTION_DPCM&gt;, &lt;PERCENTAGE&gt;, &lt;DIMENSION&gt;, &lt;URI&gt;, &lt;FUNCTION&gt;.)
Oct 04, 2016 3:46:46 PM com.gargoylesoftware.htmlunit.DefaultCssErrorHandler error
WARNING: CSS error: &apos;https://cdn.sstatic.net/Sites/stackoverflow/all.css?v=5a033270afbb&apos; [1:312824] Error in style rule. (Invalid token &quot;!&quot;. Was expecting one of: &lt;EOF&gt;, &lt;S&gt;, &lt;NUMBER&gt;, &quot;inherit&quot;, &lt;IDENT&gt;, &lt;STRING&gt;, &quot;}&quot;, &quot;;&quot;, &quot;/&quot;, &quot;-&quot;, &lt;PLUS&gt;, &lt;COMMA&gt;, &lt;HASH&gt;, &lt;IMPORTANT_SYM&gt;, &lt;EMS&gt;, &lt;EXS&gt;, &lt;LENGTH_PX&gt;, &lt;LENGTH_CM&gt;, &lt;LENGTH_MM&gt;, &lt;LENGTH_IN&gt;, &lt;LENGTH_PT&gt;, &lt;LENGTH_PC&gt;, &lt;ANGLE_DEG&gt;, &lt;ANGLE_RAD&gt;, &lt;ANGLE_GRAD&gt;, &lt;TIME_MS&gt;, &lt;TIME_S&gt;, &lt;FREQ_HZ&gt;, &lt;FREQ_KHZ&gt;, &lt;RESOLUTION_DPI&gt;, &lt;RESOLUTION_DPCM&gt;, &lt;PERCENTAGE&gt;, &lt;DIMENSION&gt;, &lt;URI&gt;, &lt;FUNCTION&gt;.)
Oct 04, 2016 3:46:46 PM com.gargoylesoftware.htmlunit.DefaultCssErrorHandler warning
WARNING: CSS warning: &apos;https://cdn.sstatic.net/Sites/stackoverflow/all.css?v=5a033270afbb&apos; [1:312824] Ignoring the following declarations in this rule.
Oct 04, 2016 3:46:46 PM com.gargoylesoftware.htmlunit.DefaultCssErrorHandler error
WARNING: CSS error: &apos;https://cdn.sstatic.net/Sites/stackoverflow/all.css?v=5a033270afbb&apos; [1:315454] Error in expression. (Invalid token &quot; &quot;. Was expecting one of: &lt;NUMBER&gt;, &quot;inherit&quot;, &lt;IDENT&gt;, &lt;STRING&gt;, &lt;HASH&gt;, &lt;EMS&gt;, &lt;EXS&gt;, &lt;LENGTH_PX&gt;, &lt;LENGTH_CM&gt;, &lt;LENGTH_MM&gt;, &lt;LENGTH_IN&gt;, &lt;LENGTH_PT&gt;, &lt;LENGTH_PC&gt;, &lt;ANGLE_DEG&gt;, &lt;ANGLE_RAD&gt;, &lt;ANGLE_GRAD&gt;, &lt;TIME_MS&gt;, &lt;TIME_S&gt;, &lt;FREQ_HZ&gt;, &lt;FREQ_KHZ&gt;, &lt;RESOLUTION_DPI&gt;, &lt;RESOLUTION_DPCM&gt;, &lt;PERCENTAGE&gt;, &lt;DIMENSION&gt;, &lt;URI&gt;, &lt;FUNCTION&gt;.)
Oct 04, 2016 3:46:46 PM com.gargoylesoftware.htmlunit.DefaultCssErrorHandler error
WARNING: CSS error: &apos;https://cdn.sstatic.net/Sites/stackoverflow/all.css?v=5a033270afbb&apos; [1:315536] Error in expression. (Invalid token &quot; &quot;. Was expecting one of: &lt;NUMBER&gt;, &quot;inherit&quot;, &lt;IDENT&gt;, &lt;STRING&gt;, &lt;HASH&gt;, &lt;EMS&gt;, &lt;EXS&gt;, &lt;LENGTH_PX&gt;, &lt;LENGTH_CM&gt;, &lt;LENGTH_MM&gt;, &lt;LENGTH_IN&gt;, &lt;LENGTH_PT&gt;, &lt;LENGTH_PC&gt;, &lt;ANGLE_DEG&gt;, &lt;ANGLE_RAD&gt;, &lt;ANGLE_GRAD&gt;, &lt;TIME_MS&gt;, &lt;TIME_S&gt;, &lt;FREQ_HZ&gt;, &lt;FREQ_KHZ&gt;, &lt;RESOLUTION_DPI&gt;, &lt;RESOLUTION_DPCM&gt;, &lt;PERCENTAGE&gt;, &lt;DIMENSION&gt;, &lt;URI&gt;, &lt;FUNCTION&gt;.)
Oct 04, 2016 3:46:46 PM com.gargoylesoftware.htmlunit.DefaultCssErrorHandler error
WARNING: CSS error: &apos;https://cdn.sstatic.net/Sites/stackoverflow/all.css?v=5a033270afbb&apos; [1:315618] Error in expression. (Invalid token &quot; &quot;. Was expecting one of: &lt;NUMBER&gt;, &quot;inherit&quot;, &lt;IDENT&gt;, &lt;STRING&gt;, &lt;HASH&gt;, &lt;EMS&gt;, &lt;EXS&gt;, &lt;LENGTH_PX&gt;, &lt;LENGTH_CM&gt;, &lt;LENGTH_MM&gt;, &lt;LENGTH_IN&gt;, &lt;LENGTH_PT&gt;, &lt;LENGTH_PC&gt;, &lt;ANGLE_DEG&gt;, &lt;ANGLE_RAD&gt;, &lt;ANGLE_GRAD&gt;, &lt;TIME_MS&gt;, &lt;TIME_S&gt;, &lt;FREQ_HZ&gt;, &lt;FREQ_KHZ&gt;, &lt;RESOLUTION_DPI&gt;, &lt;RESOLUTION_DPCM&gt;, &lt;PERCENTAGE&gt;, &lt;DIMENSION&gt;, &lt;URI&gt;, &lt;FUNCTION&gt;.)
Oct 04, 2016 3:46:46 PM com.gargoylesoftware.htmlunit.DefaultCssErrorHandler error
WARNING: CSS error: &apos;https://cdn.sstatic.net/Sites/stackoverflow/all.css?v=5a033270afbb&apos; [1:342172] Error in class selector. (Invalid token &quot;only&quot;. Was expecting: &lt;IDENT&gt;.)
Oct 04, 2016 3:46:46 PM com.gargoylesoftware.htmlunit.DefaultCssErrorHandler warning
WARNING: CSS warning: &apos;https://cdn.sstatic.net/Sites/stackoverflow/all.css?v=5a033270afbb&apos; [1:342172] Ignoring the whole rule.
Oct 04, 2016 3:46:46 PM com.gargoylesoftware.htmlunit.DefaultCssErrorHandler error
WARNING: CSS error: &apos;https://cdn.sstatic.net/Sites/stackoverflow/all.css?v=5a033270afbb&apos; [1:342458] Error in class selector. (Invalid token &quot;only&quot;. Was expecting: &lt;IDENT&gt;.)
Oct 04, 2016 3:46:46 PM com.gargoylesoftware.htmlunit.DefaultCssErrorHandler warning
WARNING: CSS warning: &apos;https://cdn.sstatic.net/Sites/stackoverflow/all.css?v=5a033270afbb&apos; [1:342458] Ignoring the whole rule.
Oct 04, 2016 3:46:46 PM com.gargoylesoftware.htmlunit.DefaultCssErrorHandler error
WARNING: CSS error: &apos;https://cdn.sstatic.net/Sites/stackoverflow/all.css?v=5a033270afbb&apos; [1:347467] Error in expression. (Invalid token &quot; &quot;. Was expecting one of: &lt;NUMBER&gt;, &quot;inherit&quot;, &lt;IDENT&gt;, &lt;STRING&gt;, &lt;HASH&gt;, &lt;EMS&gt;, &lt;EXS&gt;, &lt;LENGTH_PX&gt;, &lt;LENGTH_CM&gt;, &lt;LENGTH_MM&gt;, &lt;LENGTH_IN&gt;, &lt;LENGTH_PT&gt;, &lt;LENGTH_PC&gt;, &lt;ANGLE_DEG&gt;, &lt;ANGLE_RAD&gt;, &lt;ANGLE_GRAD&gt;, &lt;TIME_MS&gt;, &lt;TIME_S&gt;, &lt;FREQ_HZ&gt;, &lt;FREQ_KHZ&gt;, &lt;RESOLUTION_DPI&gt;, &lt;RESOLUTION_DPCM&gt;, &lt;PERCENTAGE&gt;, &lt;DIMENSION&gt;, &lt;URI&gt;, &lt;FUNCTION&gt;.)
Oct 04, 2016 3:46:46 PM com.gargoylesoftware.htmlunit.DefaultCssErrorHandler error
WARNING: CSS error: &apos;https://cdn.sstatic.net/Sites/stackoverflow/all.css?v=5a033270afbb&apos; [1:378234] Error in expression. (Invalid token &quot;(&quot;. Was expecting one of: &lt;S&gt;, &lt;NUMBER&gt;, &quot;inherit&quot;, &lt;IDENT&gt;, &lt;STRING&gt;, &quot;)&quot;, &quot;-&quot;, &lt;PLUS&gt;, &lt;HASH&gt;, &lt;EMS&gt;, &lt;EXS&gt;, &lt;LENGTH_PX&gt;, &lt;LENGTH_CM&gt;, &lt;LENGTH_MM&gt;, &lt;LENGTH_IN&gt;, &lt;LENGTH_PT&gt;, &lt;LENGTH_PC&gt;, &lt;ANGLE_DEG&gt;, &lt;ANGLE_RAD&gt;, &lt;ANGLE_GRAD&gt;, &lt;TIME_MS&gt;, &lt;TIME_S&gt;, &lt;FREQ_HZ&gt;, &lt;FREQ_KHZ&gt;, &lt;RESOLUTION_DPI&gt;, &lt;RESOLUTION_DPCM&gt;, &lt;PERCENTAGE&gt;, &lt;DIMENSION&gt;, &lt;URI&gt;, &lt;FUNCTION&gt;.)
Oct 04, 2016 3:46:46 PM com.gargoylesoftware.htmlunit.DefaultCssErrorHandler error
WARNING: CSS error: &apos;https://cdn.sstatic.net/Sites/stackoverflow/all.css?v=5a033270afbb&apos; [1:381562] Error in expression. (Invalid token &quot;(&quot;. Was expecting one of: &lt;S&gt;, &lt;NUMBER&gt;, &quot;inherit&quot;, &lt;IDENT&gt;, &lt;STRING&gt;, &quot;)&quot;, &quot;-&quot;, &lt;PLUS&gt;, &lt;HASH&gt;, &lt;EMS&gt;, &lt;EXS&gt;, &lt;LENGTH_PX&gt;, &lt;LENGTH_CM&gt;, &lt;LENGTH_MM&gt;, &lt;LENGTH_IN&gt;, &lt;LENGTH_PT&gt;, &lt;LENGTH_PC&gt;, &lt;ANGLE_DEG&gt;, &lt;ANGLE_RAD&gt;, &lt;ANGLE_GRAD&gt;, &lt;TIME_MS&gt;, &lt;TIME_S&gt;, &lt;FREQ_HZ&gt;, &lt;FREQ_KHZ&gt;, &lt;RESOLUTION_DPI&gt;, &lt;RESOLUTION_DPCM&gt;, &lt;PERCENTAGE&gt;, &lt;DIMENSION&gt;, &lt;URI&gt;, &lt;FUNCTION&gt;.)
Oct 04, 2016 3:46:46 PM com.gargoylesoftware.htmlunit.DefaultCssErrorHandler error
WARNING: CSS error: &apos;https://cdn.sstatic.net/Sites/stackoverflow/all.css?v=5a033270afbb&apos; [1:395320] Error in expression. (Invalid token &quot; &quot;. Was expecting one of: &lt;NUMBER&gt;, &quot;inherit&quot;, &lt;IDENT&gt;, &lt;STRING&gt;, &lt;HASH&gt;, &lt;EMS&gt;, &lt;EXS&gt;, &lt;LENGTH_PX&gt;, &lt;LENGTH_CM&gt;, &lt;LENGTH_MM&gt;, &lt;LENGTH_IN&gt;, &lt;LENGTH_PT&gt;, &lt;LENGTH_PC&gt;, &lt;ANGLE_DEG&gt;, &lt;ANGLE_RAD&gt;, &lt;ANGLE_GRAD&gt;, &lt;TIME_MS&gt;, &lt;TIME_S&gt;, &lt;FREQ_HZ&gt;, &lt;FREQ_KHZ&gt;, &lt;RESOLUTION_DPI&gt;, &lt;RESOLUTION_DPCM&gt;, &lt;PERCENTAGE&gt;, &lt;DIMENSION&gt;, &lt;URI&gt;, &lt;FUNCTION&gt;.)
</system-err>
  </testcase>
  <testcase time="9.261" classname="loginTest.bAppTest" name="bingSearchTest1">
    <failure message="expected [true] but found [false]" type="java.lang.AssertionError">java.lang.AssertionError: expected [true] but found [false]
	at org.testng.Assert.fail(Assert.java:94)
	at org.testng.Assert.failNotEquals(Assert.java:496)
	at org.testng.Assert.assertEquals(Assert.java:125)
	at org.testng.Assert.assertEquals(Assert.java:288)
	at org.testng.Assert.assertEquals(Assert.java:298)
	at loginTest.bAppTest.bingSearchTest1(bAppTest.java:60)
</failure>
    <system-out>*******************
launching Chrome browser
</system-out>
    <system-err>Starting ChromeDriver 2.21.371459 (36d3d07f660ff2bc1bf28a75d1cdabed0983e7c4) on port 41383
Only local connections are allowed.
</system-err>
  </testcase>
  <testcase time="14.406" classname="loginTest.cAppTest" name="bingSearchTest2"/>
  <testcase time="274.174" classname="loginTest.eLoginPageTest" name="parameterTestData"/>
  <testcase time="12.187" classname="loginTest.loginTest" name="app_Test"/>
  <testcase time="15.143" classname="loginTest.loginTest" name="app_gmailAccountTest"/>
</testsuite>