<?xml version="1.0" encoding="UTF-8"?>
<testng-results skipped="0" failed="0" total="3" passed="3">
  <reporter-output>
  </reporter-output>
  <suite name="Command line suite" duration-ms="222712" started-at="2016-05-06T12:04:59Z" finished-at="2016-05-06T12:08:42Z">
    <groups>
    </groups>
    <test name="Command line test" duration-ms="222712" started-at="2016-05-06T12:04:59Z" finished-at="2016-05-06T12:08:42Z">
      <class name="pageFactoryTest.eLoginPageTest">
        <test-method status="PASS" signature="parameterTestData()[pri:0, instance:pageFactoryTest.eLoginPageTest@3fe93e0]" name="parameterTestData" duration-ms="133109" started-at="2016-05-06T07:06:29Z" finished-at="2016-05-06T07:08:42Z">
          <reporter-output>
          </reporter-output>
        </test-method> <!-- parameterTestData -->
      </class> <!-- pageFactoryTest.eLoginPageTest -->
      <class name="pageFactoryTest.cAppTest">
        <test-method status="PASS" signature="bingSearchTest2()[pri:0, instance:pageFactoryTest.cAppTest@65bbd743]" name="bingSearchTest2" duration-ms="16525" started-at="2016-05-06T07:06:12Z" finished-at="2016-05-06T07:06:29Z">
          <reporter-output>
          </reporter-output>
        </test-method> <!-- bingSearchTest2 -->
      </class> <!-- pageFactoryTest.cAppTest -->
      <class name="pageFactoryTest.bAppTest">
        <test-method status="PASS" signature="setup1()[pri:0, instance:pageFactoryTest.bAppTest@7bd52240]" name="setup1" is-config="true" duration-ms="9174" started-at="2016-05-06T07:04:59Z" finished-at="2016-05-06T07:05:08Z">
          <reporter-output>
          </reporter-output>
        </test-method> <!-- setup1 -->
        <test-method status="PASS" signature="setup1()[pri:0, instance:pageFactoryTest.cAppTest@65bbd743]" name="setup1" is-config="true" duration-ms="11216" started-at="2016-05-06T07:05:08Z" finished-at="2016-05-06T07:05:20Z">
          <reporter-output>
          </reporter-output>
        </test-method> <!-- setup1 -->
        <test-method status="PASS" signature="setup1()[pri:0, instance:pageFactoryTest.dAppTest@f31a3e3]" name="setup1" is-config="true" duration-ms="12842" started-at="2016-05-06T07:05:20Z" finished-at="2016-05-06T07:05:33Z">
          <reporter-output>
          </reporter-output>
        </test-method> <!-- setup1 -->
        <test-method status="PASS" signature="setup()[pri:0, instance:pageFactoryTest.eLoginPageTest@3fe93e0]" name="setup" is-config="true" duration-ms="11790" started-at="2016-05-06T07:05:33Z" finished-at="2016-05-06T07:05:44Z">
          <reporter-output>
          </reporter-output>
        </test-method> <!-- setup -->
        <test-method status="PASS" signature="bingSearchTest1()[pri:0, instance:pageFactoryTest.bAppTest@7bd52240]" name="bingSearchTest1" duration-ms="28006" started-at="2016-05-06T07:05:44Z" finished-at="2016-05-06T07:06:12Z">
          <reporter-output>
          </reporter-output>
        </test-method> <!-- bingSearchTest1 -->
      </class> <!-- pageFactoryTest.bAppTest -->
    </test> <!-- Command line test -->
  </suite> <!-- Command line suite -->
</testng-results>
