<?xml version="1.0" encoding="UTF-8"?>
<testng-results skipped="0" failed="0" total="1" passed="1">
  <reporter-output>
  </reporter-output>
  <suite name="pageFactoryTest.LoginPageTest" duration-ms="11120" started-at="2016-04-28T08:08:52Z" finished-at="2016-04-28T08:09:03Z">
    <groups>
    </groups>
    <test name="Command line test" duration-ms="11120" started-at="2016-04-28T08:08:52Z" finished-at="2016-04-28T08:09:03Z">
      <class name="pageFactoryTest.LoginPageTest">
        <test-method status="PASS" signature="setup()[pri:0, instance:pageFactoryTest.LoginPageTest@468634b6]" name="setup" is-config="true" duration-ms="8449" started-at="2016-04-28T03:08:52Z" finished-at="2016-04-28T03:09:01Z">
          <reporter-output>
          </reporter-output>
        </test-method> <!-- setup -->
        <test-method status="PASS" signature="bingSearchTest()[pri:0, instance:pageFactoryTest.LoginPageTest@468634b6]" name="bingSearchTest" duration-ms="2654" started-at="2016-04-28T03:09:01Z" finished-at="2016-04-28T03:09:03Z">
          <reporter-output>
          </reporter-output>
        </test-method> <!-- bingSearchTest -->
      </class> <!-- pageFactoryTest.LoginPageTest -->
    </test> <!-- Command line test -->
  </suite> <!-- pageFactoryTest.LoginPageTest -->
</testng-results>
