<?xml version="1.0" encoding="UTF-8"?>
<testng-results skipped="0" failed="2" total="3" passed="1">
  <reporter-output>
    <line>
      <![CDATA[launch the internet browser ]]>
    </line>
    <line>
      <![CDATA[launch the internet browser ]]>
    </line>
    <line>
      <![CDATA[Test for Books ]]>
    </line>
  </reporter-output>
  <suite name="Command line suite" duration-ms="116535" started-at="2016-05-10T19:41:22Z" finished-at="2016-05-10T19:43:19Z">
    <groups>
    </groups>
    <test name="Command line test" duration-ms="116535" started-at="2016-05-10T19:41:22Z" finished-at="2016-05-10T19:43:19Z">
      <class name="pageFactoryTest.eLoginPageTest">
        <test-method status="FAIL" signature="parameterTestData()[pri:0, instance:pageFactoryTest.eLoginPageTest@2c7cb926]" name="parameterTestData" duration-ms="14611" started-at="2016-05-10T14:43:04Z" finished-at="2016-05-10T14:43:19Z">
          <exception class="com.microsoft.sqlserver.jdbc.SQLServerException">
            <message>
              <![CDATA[The connection to the host 104.37.189.218, named instance sqlexpress failed. Error: "java.net.SocketTimeoutException: Receive timed out". Verify the server and instance names and check that no firewall is blocking UDP traffic to port 1434.  For SQL Server 2005 or later, verify that the SQL Server Browser Service is running on the host.]]>
            </message>
            <full-stacktrace>
              <![CDATA[com.microsoft.sqlserver.jdbc.SQLServerException: The connection to the host 104.37.189.218, named instance sqlexpress failed. Error: "java.net.SocketTimeoutException: Receive timed out". Verify the server and instance names and check that no firewall is blocking UDP traffic to port 1434.  For SQL Server 2005 or later, verify that the SQL Server Browser Service is running on the host.
	at com.microsoft.sqlserver.jdbc.SQLServerException.makeFromDriverError(SQLServerException.java:190)
	at com.microsoft.sqlserver.jdbc.SQLServerConnection.getInstancePort(SQLServerConnection.java:3589)
	at com.microsoft.sqlserver.jdbc.SQLServerConnection.primaryPermissionCheck(SQLServerConnection.java:1225)
	at com.microsoft.sqlserver.jdbc.SQLServerConnection.login(SQLServerConnection.java:972)
	at com.microsoft.sqlserver.jdbc.SQLServerConnection.connect(SQLServerConnection.java:827)
	at com.microsoft.sqlserver.jdbc.SQLServerDriver.connect(SQLServerDriver.java:1012)
	at java.sql.DriverManager.getConnection(DriverManager.java:571)
	at java.sql.DriverManager.getConnection(DriverManager.java:215)
	at pageFactoryTest.eLoginPageTest.parameterTestData(eLoginPageTest.java:61)
	at sun.reflect.NativeMethodAccessorImpl.invoke0(Native Method)
	at sun.reflect.NativeMethodAccessorImpl.invoke(NativeMethodAccessorImpl.java:57)
	at sun.reflect.DelegatingMethodAccessorImpl.invoke(DelegatingMethodAccessorImpl.java:43)
	at java.lang.reflect.Method.invoke(Method.java:606)
	at org.testng.internal.MethodInvocationHelper.invokeMethod(MethodInvocationHelper.java:86)
	at org.testng.internal.Invoker.invokeMethod(Invoker.java:643)
	at org.testng.internal.Invoker.invokeTestMethod(Invoker.java:820)
	at org.testng.internal.Invoker.invokeTestMethods(Invoker.java:1128)
	at org.testng.internal.TestMethodWorker.invokeTestMethods(TestMethodWorker.java:129)
	at org.testng.internal.TestMethodWorker.run(TestMethodWorker.java:112)
	at org.testng.TestRunner.privateRun(TestRunner.java:782)
	at org.testng.TestRunner.run(TestRunner.java:632)
	at org.testng.SuiteRunner.runTest(SuiteRunner.java:366)
	at org.testng.SuiteRunner.runSequentially(SuiteRunner.java:361)
	at org.testng.SuiteRunner.privateRun(SuiteRunner.java:319)
	at org.testng.SuiteRunner.run(SuiteRunner.java:268)
	at org.testng.SuiteRunnerWorker.runSuite(SuiteRunnerWorker.java:52)
	at org.testng.SuiteRunnerWorker.run(SuiteRunnerWorker.java:86)
	at org.testng.TestNG.runSuitesSequentially(TestNG.java:1244)
	at org.testng.TestNG.runSuitesLocally(TestNG.java:1169)
	at org.testng.TestNG.run(TestNG.java:1064)
	at org.apache.maven.surefire.testng.TestNGExecutor.run(TestNGExecutor.java:77)
	at org.apache.maven.surefire.testng.TestNGDirectoryTestSuite.executeMulti(TestNGDirectoryTestSuite.java:159)
	at org.apache.maven.surefire.testng.TestNGDirectoryTestSuite.execute(TestNGDirectoryTestSuite.java:99)
	at org.apache.maven.surefire.testng.TestNGProvider.invoke(TestNGProvider.java:106)
	at sun.reflect.NativeMethodAccessorImpl.invoke0(Native Method)
	at sun.reflect.NativeMethodAccessorImpl.invoke(NativeMethodAccessorImpl.java:57)
	at sun.reflect.DelegatingMethodAccessorImpl.invoke(DelegatingMethodAccessorImpl.java:43)
	at java.lang.reflect.Method.invoke(Method.java:606)
	at org.apache.maven.surefire.util.ReflectionUtils.invokeMethodWithArray(ReflectionUtils.java:189)
	at org.apache.maven.surefire.booter.ProviderFactory$ProviderProxy.invoke(ProviderFactory.java:165)
	at org.apache.maven.surefire.booter.ProviderFactory.invokeProvider(ProviderFactory.java:85)
	at org.apache.maven.surefire.booter.ForkedBooter.runSuitesInProcess(ForkedBooter.java:115)
	at org.apache.maven.surefire.booter.ForkedBooter.main(ForkedBooter.java:75)
]]>
            </full-stacktrace>
          </exception> <!-- com.microsoft.sqlserver.jdbc.SQLServerException -->
          <reporter-output>
          </reporter-output>
        </test-method> <!-- parameterTestData -->
      </class> <!-- pageFactoryTest.eLoginPageTest -->
      <class name="pageFactoryTest.cAppTest">
        <test-method status="PASS" signature="bingSearchTest2()[pri:0, instance:pageFactoryTest.cAppTest@6e37bf73]" name="bingSearchTest2" duration-ms="27433" started-at="2016-05-10T14:42:36Z" finished-at="2016-05-10T14:43:04Z">
          <reporter-output>
          </reporter-output>
        </test-method> <!-- bingSearchTest2 -->
      </class> <!-- pageFactoryTest.cAppTest -->
      <class name="pageFactoryTest.bAppTest">
        <test-method status="PASS" signature="setup1()[pri:0, instance:pageFactoryTest.bAppTest@24f37f80]" name="setup1" is-config="true" duration-ms="46087" started-at="2016-05-10T14:41:22Z" finished-at="2016-05-10T14:42:08Z">
          <reporter-output>
            <line>
              <![CDATA[launch the internet browser ]]>
            </line>
          </reporter-output>
        </test-method> <!-- setup1 -->
        <test-method status="PASS" signature="setup1()[pri:0, instance:pageFactoryTest.cAppTest@6e37bf73]" name="setup1" is-config="true" duration-ms="8369" started-at="2016-05-10T14:42:08Z" finished-at="2016-05-10T14:42:16Z">
          <reporter-output>
          </reporter-output>
        </test-method> <!-- setup1 -->
        <test-method status="PASS" signature="setup1()[pri:0, instance:pageFactoryTest.dAppTest@dfa4f8d]" name="setup1" is-config="true" duration-ms="7872" started-at="2016-05-10T14:42:16Z" finished-at="2016-05-10T14:42:24Z">
          <reporter-output>
          </reporter-output>
        </test-method> <!-- setup1 -->
        <test-method status="PASS" signature="setup()[pri:0, instance:pageFactoryTest.eLoginPageTest@2c7cb926]" name="setup" is-config="true" duration-ms="9931" started-at="2016-05-10T14:42:24Z" finished-at="2016-05-10T14:42:34Z">
          <reporter-output>
          </reporter-output>
        </test-method> <!-- setup -->
        <test-method status="FAIL" signature="bingSearchTest1()[pri:0, instance:pageFactoryTest.bAppTest@24f37f80]" name="bingSearchTest1" duration-ms="2204" started-at="2016-05-10T14:42:34Z" finished-at="2016-05-10T14:42:36Z">
          <exception class="java.lang.NullPointerException">
            <full-stacktrace>
              <![CDATA[java.lang.NullPointerException
	at org.openqa.selenium.support.pagefactory.DefaultElementLocator.findElement(DefaultElementLocator.java:69)
	at org.openqa.selenium.support.pagefactory.internal.LocatingElementHandler.invoke(LocatingElementHandler.java:38)
	at com.sun.proxy.$Proxy4.sendKeys(Unknown Source)
	at pageFactory.aLoginPage.searchBing(aLoginPage.java:65)
	at pageFactoryTest.bAppTest.bingSearchTest1(bAppTest.java:73)
	at sun.reflect.NativeMethodAccessorImpl.invoke0(Native Method)
	at sun.reflect.NativeMethodAccessorImpl.invoke(NativeMethodAccessorImpl.java:57)
	at sun.reflect.DelegatingMethodAccessorImpl.invoke(DelegatingMethodAccessorImpl.java:43)
	at java.lang.reflect.Method.invoke(Method.java:606)
	at org.testng.internal.MethodInvocationHelper.invokeMethod(MethodInvocationHelper.java:86)
	at org.testng.internal.Invoker.invokeMethod(Invoker.java:643)
	at org.testng.internal.Invoker.invokeTestMethod(Invoker.java:820)
	at org.testng.internal.Invoker.invokeTestMethods(Invoker.java:1128)
	at org.testng.internal.TestMethodWorker.invokeTestMethods(TestMethodWorker.java:129)
	at org.testng.internal.TestMethodWorker.run(TestMethodWorker.java:112)
	at org.testng.TestRunner.privateRun(TestRunner.java:782)
	at org.testng.TestRunner.run(TestRunner.java:632)
	at org.testng.SuiteRunner.runTest(SuiteRunner.java:366)
	at org.testng.SuiteRunner.runSequentially(SuiteRunner.java:361)
	at org.testng.SuiteRunner.privateRun(SuiteRunner.java:319)
	at org.testng.SuiteRunner.run(SuiteRunner.java:268)
	at org.testng.SuiteRunnerWorker.runSuite(SuiteRunnerWorker.java:52)
	at org.testng.SuiteRunnerWorker.run(SuiteRunnerWorker.java:86)
	at org.testng.TestNG.runSuitesSequentially(TestNG.java:1244)
	at org.testng.TestNG.runSuitesLocally(TestNG.java:1169)
	at org.testng.TestNG.run(TestNG.java:1064)
	at org.apache.maven.surefire.testng.TestNGExecutor.run(TestNGExecutor.java:77)
	at org.apache.maven.surefire.testng.TestNGDirectoryTestSuite.executeMulti(TestNGDirectoryTestSuite.java:159)
	at org.apache.maven.surefire.testng.TestNGDirectoryTestSuite.execute(TestNGDirectoryTestSuite.java:99)
	at org.apache.maven.surefire.testng.TestNGProvider.invoke(TestNGProvider.java:106)
	at sun.reflect.NativeMethodAccessorImpl.invoke0(Native Method)
	at sun.reflect.NativeMethodAccessorImpl.invoke(NativeMethodAccessorImpl.java:57)
	at sun.reflect.DelegatingMethodAccessorImpl.invoke(DelegatingMethodAccessorImpl.java:43)
	at java.lang.reflect.Method.invoke(Method.java:606)
	at org.apache.maven.surefire.util.ReflectionUtils.invokeMethodWithArray(ReflectionUtils.java:189)
	at org.apache.maven.surefire.booter.ProviderFactory$ProviderProxy.invoke(ProviderFactory.java:165)
	at org.apache.maven.surefire.booter.ProviderFactory.invokeProvider(ProviderFactory.java:85)
	at org.apache.maven.surefire.booter.ForkedBooter.runSuitesInProcess(ForkedBooter.java:115)
	at org.apache.maven.surefire.booter.ForkedBooter.main(ForkedBooter.java:75)
]]>
            </full-stacktrace>
          </exception> <!-- java.lang.NullPointerException -->
          <reporter-output>
            <line>
              <![CDATA[launch the internet browser ]]>
            </line>
            <line>
              <![CDATA[Test for Books ]]>
            </line>
          </reporter-output>
        </test-method> <!-- bingSearchTest1 -->
      </class> <!-- pageFactoryTest.bAppTest -->
    </test> <!-- Command line test -->
  </suite> <!-- Command line suite -->
</testng-results>
