<?xml version="1.0" encoding="UTF-8"?>
<testng-results skipped="0" failed="0" total="1" passed="1">
  <reporter-output>
  </reporter-output>
  <suite name="pageFactoryTest.LoginPageTest" duration-ms="9021" started-at="2016-04-28T07:34:02Z" finished-at="2016-04-28T07:34:11Z">
    <groups>
    </groups>
    <test name="Command line test" duration-ms="9021" started-at="2016-04-28T07:34:02Z" finished-at="2016-04-28T07:34:11Z">
      <class name="pageFactoryTest.LoginPageTest">
        <test-method status="PASS" signature="setup()[pri:0, instance:pageFactoryTest.LoginPageTest@14eebce6]" name="setup" is-config="true" duration-ms="6895" started-at="2016-04-28T02:34:02Z" finished-at="2016-04-28T02:34:09Z">
          <reporter-output>
          </reporter-output>
        </test-method> <!-- setup -->
        <test-method status="PASS" signature="bingSearchTest()[pri:0, instance:pageFactoryTest.LoginPageTest@14eebce6]" name="bingSearchTest" duration-ms="2111" started-at="2016-04-28T02:34:09Z" finished-at="2016-04-28T02:34:11Z">
          <reporter-output>
          </reporter-output>
        </test-method> <!-- bingSearchTest -->
      </class> <!-- pageFactoryTest.LoginPageTest -->
    </test> <!-- Command line test -->
  </suite> <!-- pageFactoryTest.LoginPageTest -->
</testng-results>
