<?xml version="1.0" encoding="UTF-8" ?>
<testsuite failures="1" time="51.628" errors="0" skipped="0" tests="3" name="TestSuite">
  <properties>
[...]
</properties>
  <testcase time="21.015" classname="pageFactoryTest.bAppTest" name="bingSearchTest1"/>
  <testcase time="16.018" classname="pageFactoryTest.cAppTest" name="bingSearchTest2"/>
  <testcase time="14.595" classname="pageFactoryTest.eLoginPageTest" name="parameterTestData">
    <failure message="The connection to the host 104.37.189.218, named instance sqlexpress failed. Error: &quot;java.net.SocketTimeoutException: Receive timed out&quot;. Verify the server and instance names and check that no firewall is blocking UDP traffic to port 1434.  For SQL Server 2005 or later, verify that the SQL Server Browser Service is running on the host." type="com.microsoft.sqlserver.jdbc.SQLServerException">com.microsoft.sqlserver.jdbc.SQLServerException: The connection to the host 104.37.189.218, named instance sqlexpress failed. Error: &quot;java.net.SocketTimeoutException: Receive timed out&quot;. Verify the server and instance names and check that no firewall is blocking UDP traffic to port 1434.  For SQL Server 2005 or later, verify that the SQL Server Browser Service is running on the host.
	at com.microsoft.sqlserver.jdbc.SQLServerException.makeFromDriverError(SQLServerException.java:190)
	at com.microsoft.sqlserver.jdbc.SQLServerConnection.getInstancePort(SQLServerConnection.java:3589)
	at com.microsoft.sqlserver.jdbc.SQLServerConnection.primaryPermissionCheck(SQLServerConnection.java:1225)
	at com.microsoft.sqlserver.jdbc.SQLServerConnection.login(SQLServerConnection.java:972)
	at com.microsoft.sqlserver.jdbc.SQLServerConnection.connect(SQLServerConnection.java:827)
	at com.microsoft.sqlserver.jdbc.SQLServerDriver.connect(SQLServerDriver.java:1012)
	at java.sql.DriverManager.getConnection(DriverManager.java:571)
	at java.sql.DriverManager.getConnection(DriverManager.java:215)
	at pageFactoryTest.eLoginPageTest.parameterTestData(eLoginPageTest.java:61)
</failure>
  </testcase>
</testsuite>