<?xml version="1.0" encoding="UTF-8"?>
<testng-results skipped="0" failed="0" total="3" passed="3">
  <reporter-output>
    <line>
      <![CDATA[launch the internet browser ]]>
    </line>
    <line>
      <![CDATA[launch the internet browser ]]>
    </line>
    <line>
      <![CDATA[Test for Books ]]>
    </line>
  </reporter-output>
  <suite name="Command line suite" duration-ms="190746" started-at="2016-05-10T04:27:09Z" finished-at="2016-05-10T04:30:20Z">
    <groups>
    </groups>
    <test name="Command line test" duration-ms="190746" started-at="2016-05-10T04:27:09Z" finished-at="2016-05-10T04:30:20Z">
      <class name="pageFactoryTest.eLoginPageTest">
        <test-method status="PASS" signature="parameterTestData()[pri:0, instance:pageFactoryTest.eLoginPageTest@3cff8f2c]" name="parameterTestData" duration-ms="117262" started-at="2016-05-09T23:28:23Z" finished-at="2016-05-09T23:30:20Z">
          <reporter-output>
          </reporter-output>
        </test-method> <!-- parameterTestData -->
      </class> <!-- pageFactoryTest.eLoginPageTest -->
      <class name="pageFactoryTest.cAppTest">
        <test-method status="PASS" signature="bingSearchTest2()[pri:0, instance:pageFactoryTest.cAppTest@385017e9]" name="bingSearchTest2" duration-ms="14945" started-at="2016-05-09T23:28:08Z" finished-at="2016-05-09T23:28:23Z">
          <reporter-output>
          </reporter-output>
        </test-method> <!-- bingSearchTest2 -->
      </class> <!-- pageFactoryTest.cAppTest -->
      <class name="pageFactoryTest.bAppTest">
        <test-method status="PASS" signature="setup1()[pri:0, instance:pageFactoryTest.bAppTest@44553ddb]" name="setup1" is-config="true" duration-ms="8961" started-at="2016-05-09T23:27:09Z" finished-at="2016-05-09T23:27:18Z">
          <reporter-output>
            <line>
              <![CDATA[launch the internet browser ]]>
            </line>
          </reporter-output>
        </test-method> <!-- setup1 -->
        <test-method status="PASS" signature="setup1()[pri:0, instance:pageFactoryTest.cAppTest@385017e9]" name="setup1" is-config="true" duration-ms="8171" started-at="2016-05-09T23:27:18Z" finished-at="2016-05-09T23:27:26Z">
          <reporter-output>
          </reporter-output>
        </test-method> <!-- setup1 -->
        <test-method status="PASS" signature="setup1()[pri:0, instance:pageFactoryTest.dAppTest@1251dee1]" name="setup1" is-config="true" duration-ms="13463" started-at="2016-05-09T23:27:26Z" finished-at="2016-05-09T23:27:40Z">
          <reporter-output>
          </reporter-output>
        </test-method> <!-- setup1 -->
        <test-method status="PASS" signature="setup()[pri:0, instance:pageFactoryTest.eLoginPageTest@3cff8f2c]" name="setup" is-config="true" duration-ms="9364" started-at="2016-05-09T23:27:40Z" finished-at="2016-05-09T23:27:49Z">
          <reporter-output>
          </reporter-output>
        </test-method> <!-- setup -->
        <test-method status="PASS" signature="bingSearchTest1()[pri:0, instance:pageFactoryTest.bAppTest@44553ddb]" name="bingSearchTest1" duration-ms="18568" started-at="2016-05-09T23:27:49Z" finished-at="2016-05-09T23:28:08Z">
          <reporter-output>
            <line>
              <![CDATA[launch the internet browser ]]>
            </line>
            <line>
              <![CDATA[Test for Books ]]>
            </line>
          </reporter-output>
        </test-method> <!-- bingSearchTest1 -->
      </class> <!-- pageFactoryTest.bAppTest -->
    </test> <!-- Command line test -->
  </suite> <!-- Command line suite -->
</testng-results>
