<?xml version="1.0" encoding="UTF-8"?>
<testng-results skipped="0" failed="0" total="3" passed="3">
  <reporter-output>
  </reporter-output>
  <suite name="Command line suite" duration-ms="215129" started-at="2016-05-07T11:37:31Z" finished-at="2016-05-07T11:41:06Z">
    <groups>
    </groups>
    <test name="Command line test" duration-ms="215129" started-at="2016-05-07T11:37:31Z" finished-at="2016-05-07T11:41:06Z">
      <class name="pageFactoryTest.eLoginPageTest">
        <test-method status="PASS" signature="parameterTestData()[pri:0, instance:pageFactoryTest.eLoginPageTest@58bead4f]" name="parameterTestData" duration-ms="136194" started-at="2016-05-07T06:38:50Z" finished-at="2016-05-07T06:41:06Z">
          <reporter-output>
          </reporter-output>
        </test-method> <!-- parameterTestData -->
      </class> <!-- pageFactoryTest.eLoginPageTest -->
      <class name="pageFactoryTest.cAppTest">
        <test-method status="PASS" signature="bingSearchTest2()[pri:0, instance:pageFactoryTest.cAppTest@5da955d8]" name="bingSearchTest2" duration-ms="15358" started-at="2016-05-07T06:38:34Z" finished-at="2016-05-07T06:38:50Z">
          <reporter-output>
          </reporter-output>
        </test-method> <!-- bingSearchTest2 -->
      </class> <!-- pageFactoryTest.cAppTest -->
      <class name="pageFactoryTest.bAppTest">
        <test-method status="PASS" signature="setup1()[pri:0, instance:pageFactoryTest.bAppTest@7b277da2]" name="setup1" is-config="true" duration-ms="8912" started-at="2016-05-07T06:37:31Z" finished-at="2016-05-07T06:37:40Z">
          <reporter-output>
          </reporter-output>
        </test-method> <!-- setup1 -->
        <test-method status="PASS" signature="setup1()[pri:0, instance:pageFactoryTest.cAppTest@5da955d8]" name="setup1" is-config="true" duration-ms="9544" started-at="2016-05-07T06:37:40Z" finished-at="2016-05-07T06:37:49Z">
          <reporter-output>
          </reporter-output>
        </test-method> <!-- setup1 -->
        <test-method status="PASS" signature="setup1()[pri:0, instance:pageFactoryTest.dAppTest@184307f2]" name="setup1" is-config="true" duration-ms="10644" started-at="2016-05-07T06:37:49Z" finished-at="2016-05-07T06:38:00Z">
          <reporter-output>
          </reporter-output>
        </test-method> <!-- setup1 -->
        <test-method status="PASS" signature="setup()[pri:0, instance:pageFactoryTest.eLoginPageTest@58bead4f]" name="setup" is-config="true" duration-ms="11542" started-at="2016-05-07T06:38:00Z" finished-at="2016-05-07T06:38:11Z">
          <reporter-output>
          </reporter-output>
        </test-method> <!-- setup -->
        <test-method status="PASS" signature="bingSearchTest1()[pri:0, instance:pageFactoryTest.bAppTest@7b277da2]" name="bingSearchTest1" duration-ms="22917" started-at="2016-05-07T06:38:11Z" finished-at="2016-05-07T06:38:34Z">
          <reporter-output>
          </reporter-output>
        </test-method> <!-- bingSearchTest1 -->
      </class> <!-- pageFactoryTest.bAppTest -->
    </test> <!-- Command line test -->
  </suite> <!-- Command line suite -->
</testng-results>
