<?xml version="1.0" encoding="UTF-8"?>
<testng-results skipped="0" failed="0" total="0" passed="0">
  <reporter-output>
  </reporter-output>
  <suite name="Command line suite" duration-ms="13" started-at="2016-09-18T18:37:38Z" finished-at="2016-09-18T18:37:38Z">
    <groups>
    </groups>
    <test name="Command line test" duration-ms="13" started-at="2016-09-18T18:37:38Z" finished-at="2016-09-18T18:37:38Z">
    </test> <!-- Command line test -->
  </suite> <!-- Command line suite -->
</testng-results>
