<?xml version="1.0" encoding="UTF-8"?>
<testng-results skipped="0" failed="1" total="1" passed="0">
  <reporter-output>
    <line>
      <![CDATA[launch the internet browser ]]>
    </line>
    <line>
      <![CDATA[------------------------------------- ]]>
    </line>
    <line>
      <![CDATA[validate Search Field ]]>
    </line>
    <line>
      <![CDATA[validate Search Button]]>
    </line>
    <line>
      <![CDATA[andoh.samuel@gmail.comThis Test Data is NOT correct ]]>
    </line>
    <line>
      <![CDATA[launch the internet browser ]]>
    </line>
    <line>
      <![CDATA[------------------------------------- ]]>
    </line>
    <line>
      <![CDATA[validate Search Field ]]>
    </line>
    <line>
      <![CDATA[validate Search Button]]>
    </line>
    <line>
      <![CDATA[sammy27gh@yahoo.comThis Test Data is NOT correct ]]>
    </line>
    <line>
      <![CDATA[launch the internet browser ]]>
    </line>
    <line>
      <![CDATA[------------------------------------- ]]>
    </line>
    <line>
      <![CDATA[validate Search Field ]]>
    </line>
    <line>
      <![CDATA[validate Search Button]]>
    </line>
    <line>
      <![CDATA[andoh.samuel@gmail.comThis Test Data is NOT correct ]]>
    </line>
    <line>
      <![CDATA[launch the internet browser ]]>
    </line>
    <line>
      <![CDATA[------------------------------------- ]]>
    </line>
    <line>
      <![CDATA[validate Search Field ]]>
    </line>
    <line>
      <![CDATA[validate Search Button]]>
    </line>
    <line>
      <![CDATA[sammy27gh@yahoo.comThis Test Data is NOT correct ]]>
    </line>
    <line>
      <![CDATA[launch the internet browser ]]>
    </line>
    <line>
      <![CDATA[------------------------------------- ]]>
    </line>
    <line>
      <![CDATA[validate Search Field ]]>
    </line>
    <line>
      <![CDATA[validate Search Button]]>
    </line>
    <line>
      <![CDATA[yellow@gmail.comThis Test Data is NOT correct ]]>
    </line>
    <line>
      <![CDATA[launch the internet browser ]]>
    </line>
    <line>
      <![CDATA[------------------------------------- ]]>
    </line>
    <line>
      <![CDATA[validate Search Field ]]>
    </line>
    <line>
      <![CDATA[validate Search Button]]>
    </line>
    <line>
      <![CDATA[fellow@gmail.comThis Test Data is NOT correct ]]>
    </line>
    <line>
      <![CDATA[launch the internet browser ]]>
    </line>
    <line>
      <![CDATA[------------------------------------- ]]>
    </line>
    <line>
      <![CDATA[validate Search Field ]]>
    </line>
    <line>
      <![CDATA[validate Search Button]]>
    </line>
    <line>
      <![CDATA[twice@gmail.comThis Test Data is NOT correct ]]>
    </line>
    <line>
      <![CDATA[launch the internet browser ]]>
    </line>
    <line>
      <![CDATA[------------------------------------- ]]>
    </line>
    <line>
      <![CDATA[validate Search Field ]]>
    </line>
    <line>
      <![CDATA[validate Search Button]]>
    </line>
  </reporter-output>
  <suite name="Command line suite" duration-ms="191643" started-at="2016-05-14T02:41:54Z" finished-at="2016-05-14T02:45:06Z">
    <groups>
    </groups>
    <test name="Command line test" duration-ms="191643" started-at="2016-05-14T02:41:54Z" finished-at="2016-05-14T02:45:06Z">
      <class name="pageFactoryTest.eLoginPageTest">
        <test-method status="PASS" signature="setup1()[pri:0, instance:pageFactoryTest.eLoginPageTest@331c9ba1]" name="setup1" is-config="true" duration-ms="8714" started-at="2016-05-13T21:41:54Z" finished-at="2016-05-13T21:42:03Z">
          <reporter-output>
            <line>
              <![CDATA[launch the internet browser ]]>
            </line>
            <line>
              <![CDATA[------------------------------------- ]]>
            </line>
          </reporter-output>
        </test-method> <!-- setup1 -->
        <test-method status="FAIL" signature="parameterTestData()[pri:0, instance:pageFactoryTest.eLoginPageTest@331c9ba1]" name="parameterTestData" duration-ms="182895" started-at="2016-05-13T21:42:03Z" finished-at="2016-05-13T21:45:06Z">
          <exception class="org.openqa.selenium.remote.UnreachableBrowserException">
            <message>
              <![CDATA[Error communicating with the remote browser. It may have died.
Build info: version: '2.53.0', revision: '35ae25b1534ae328c771e0856c93e187490ca824', time: '2016-03-15 10:43:46'
System info: host: 'samuel-andoh', ip: '10.0.0.163', os.name: 'Windows 8.1', os.arch: 'amd64', os.version: '6.3', java.version: '1.7.0_79'
Driver info: driver.version: RemoteWebDriver
Session ID: dd2626d7-4e27-4dc8-be21-8764f94a0a6d
Capabilities [{platform=WINDOWS, acceptSslCerts=true, javascriptEnabled=true, cssSelectorsEnabled=true, databaseEnabled=true, browserName=firefox, handlesAlerts=true, nativeEvents=false, webStorageEnabled=true, rotatable=false, locationContextEnabled=true, applicationCacheEnabled=true, takesScreenshot=true, version=46.0.1}]]]>
            </message>
            <full-stacktrace>
              <![CDATA[org.openqa.selenium.remote.UnreachableBrowserException: Error communicating with the remote browser. It may have died.
Build info: version: '2.53.0', revision: '35ae25b1534ae328c771e0856c93e187490ca824', time: '2016-03-15 10:43:46'
System info: host: 'samuel-andoh', ip: '10.0.0.163', os.name: 'Windows 8.1', os.arch: 'amd64', os.version: '6.3', java.version: '1.7.0_79'
Driver info: driver.version: RemoteWebDriver
Session ID: dd2626d7-4e27-4dc8-be21-8764f94a0a6d
Capabilities [{platform=WINDOWS, acceptSslCerts=true, javascriptEnabled=true, cssSelectorsEnabled=true, databaseEnabled=true, browserName=firefox, handlesAlerts=true, nativeEvents=false, webStorageEnabled=true, rotatable=false, locationContextEnabled=true, applicationCacheEnabled=true, takesScreenshot=true, version=46.0.1}]
	at org.openqa.selenium.remote.RemoteWebDriver.execute(RemoteWebDriver.java:665)
	at org.openqa.selenium.remote.RemoteWebDriver.execute(RemoteWebDriver.java:701)
	at org.openqa.selenium.remote.RemoteWebDriver.getPageSource(RemoteWebDriver.java:511)
	at pageFactoryTest.eLoginPageTest.parameterTestData(eLoginPageTest.java:80)
	at sun.reflect.NativeMethodAccessorImpl.invoke0(Native Method)
	at sun.reflect.NativeMethodAccessorImpl.invoke(NativeMethodAccessorImpl.java:57)
	at sun.reflect.DelegatingMethodAccessorImpl.invoke(DelegatingMethodAccessorImpl.java:43)
	at java.lang.reflect.Method.invoke(Method.java:606)
	at org.testng.internal.MethodInvocationHelper.invokeMethod(MethodInvocationHelper.java:86)
	at org.testng.internal.Invoker.invokeMethod(Invoker.java:643)
	at org.testng.internal.Invoker.invokeTestMethod(Invoker.java:820)
	at org.testng.internal.Invoker.invokeTestMethods(Invoker.java:1128)
	at org.testng.internal.TestMethodWorker.invokeTestMethods(TestMethodWorker.java:129)
	at org.testng.internal.TestMethodWorker.run(TestMethodWorker.java:112)
	at org.testng.TestRunner.privateRun(TestRunner.java:782)
	at org.testng.TestRunner.run(TestRunner.java:632)
	at org.testng.SuiteRunner.runTest(SuiteRunner.java:366)
	at org.testng.SuiteRunner.runSequentially(SuiteRunner.java:361)
	at org.testng.SuiteRunner.privateRun(SuiteRunner.java:319)
	at org.testng.SuiteRunner.run(SuiteRunner.java:268)
	at org.testng.SuiteRunnerWorker.runSuite(SuiteRunnerWorker.java:52)
	at org.testng.SuiteRunnerWorker.run(SuiteRunnerWorker.java:86)
	at org.testng.TestNG.runSuitesSequentially(TestNG.java:1244)
	at org.testng.TestNG.runSuitesLocally(TestNG.java:1169)
	at org.testng.TestNG.run(TestNG.java:1064)
	at org.apache.maven.surefire.testng.TestNGExecutor.run(TestNGExecutor.java:77)
	at org.apache.maven.surefire.testng.TestNGDirectoryTestSuite.executeMulti(TestNGDirectoryTestSuite.java:159)
	at org.apache.maven.surefire.testng.TestNGDirectoryTestSuite.execute(TestNGDirectoryTestSuite.java:99)
	at org.apache.maven.surefire.testng.TestNGProvider.invoke(TestNGProvider.java:106)
	at sun.reflect.NativeMethodAccessorImpl.invoke0(Native Method)
	at sun.reflect.NativeMethodAccessorImpl.invoke(NativeMethodAccessorImpl.java:57)
	at sun.reflect.DelegatingMethodAccessorImpl.invoke(DelegatingMethodAccessorImpl.java:43)
	at java.lang.reflect.Method.invoke(Method.java:606)
	at org.apache.maven.surefire.util.ReflectionUtils.invokeMethodWithArray(ReflectionUtils.java:189)
	at org.apache.maven.surefire.booter.ProviderFactory$ProviderProxy.invoke(ProviderFactory.java:165)
	at org.apache.maven.surefire.booter.ProviderFactory.invokeProvider(ProviderFactory.java:85)
	at org.apache.maven.surefire.booter.ForkedBooter.runSuitesInProcess(ForkedBooter.java:115)
	at org.apache.maven.surefire.booter.ForkedBooter.main(ForkedBooter.java:75)
Caused by: org.apache.http.conn.HttpHostConnectException: Connect to 127.0.0.1:7060 [/127.0.0.1] failed: Connection refused: connect
	at org.apache.http.impl.conn.DefaultHttpClientConnectionOperator.connect(DefaultHttpClientConnectionOperator.java:151)
	at org.apache.http.impl.conn.PoolingHttpClientConnectionManager.connect(PoolingHttpClientConnectionManager.java:353)
	at org.apache.http.impl.execchain.MainClientExec.establishRoute(MainClientExec.java:380)
	at org.apache.http.impl.execchain.MainClientExec.execute(MainClientExec.java:236)
	at org.apache.http.impl.execchain.ProtocolExec.execute(ProtocolExec.java:184)
	at org.apache.http.impl.execchain.RetryExec.execute(RetryExec.java:88)
	at org.apache.http.impl.execchain.RedirectExec.execute(RedirectExec.java:110)
	at org.apache.http.impl.client.InternalHttpClient.doExecute(InternalHttpClient.java:184)
	at org.apache.http.impl.client.CloseableHttpClient.execute(CloseableHttpClient.java:71)
	at org.apache.http.impl.client.CloseableHttpClient.execute(CloseableHttpClient.java:55)
	at org.openqa.selenium.remote.internal.ApacheHttpClient.fallBackExecute(ApacheHttpClient.java:144)
	at org.openqa.selenium.remote.internal.ApacheHttpClient.execute(ApacheHttpClient.java:90)
	at org.openqa.selenium.remote.HttpCommandExecutor.execute(HttpCommandExecutor.java:142)
	at org.openqa.selenium.firefox.internal.NewProfileExtensionConnection.execute(NewProfileExtensionConnection.java:160)
	at org.openqa.selenium.firefox.FirefoxDriver$LazyCommandExecutor.execute(FirefoxDriver.java:380)
	at org.openqa.selenium.remote.RemoteWebDriver.execute(RemoteWebDriver.java:644)
	... 37 more
Caused by: java.net.ConnectException: Connection refused: connect
	at java.net.DualStackPlainSocketImpl.waitForConnect(Native Method)
	at java.net.DualStackPlainSocketImpl.socketConnect(DualStackPlainSocketImpl.java:85)
	at java.net.AbstractPlainSocketImpl.doConnect(AbstractPlainSocketImpl.java:339)
	at java.net.AbstractPlainSocketImpl.connectToAddress(AbstractPlainSocketImpl.java:200)
	at java.net.AbstractPlainSocketImpl.connect(AbstractPlainSocketImpl.java:182)
	at java.net.PlainSocketImpl.connect(PlainSocketImpl.java:172)
	at java.net.SocksSocketImpl.connect(SocksSocketImpl.java:392)
	at java.net.Socket.connect(Socket.java:579)
	at org.apache.http.conn.socket.PlainConnectionSocketFactory.connectSocket(PlainConnectionSocketFactory.java:74)
	at org.apache.http.impl.conn.DefaultHttpClientConnectionOperator.connect(DefaultHttpClientConnectionOperator.java:134)
	... 52 more
]]>
            </full-stacktrace>
          </exception> <!-- org.openqa.selenium.remote.UnreachableBrowserException -->
          <reporter-output>
            <line>
              <![CDATA[validate Search Field ]]>
            </line>
            <line>
              <![CDATA[validate Search Button]]>
            </line>
            <line>
              <![CDATA[andoh.samuel@gmail.comThis Test Data is NOT correct ]]>
            </line>
            <line>
              <![CDATA[launch the internet browser ]]>
            </line>
            <line>
              <![CDATA[------------------------------------- ]]>
            </line>
            <line>
              <![CDATA[validate Search Field ]]>
            </line>
            <line>
              <![CDATA[validate Search Button]]>
            </line>
            <line>
              <![CDATA[sammy27gh@yahoo.comThis Test Data is NOT correct ]]>
            </line>
            <line>
              <![CDATA[launch the internet browser ]]>
            </line>
            <line>
              <![CDATA[------------------------------------- ]]>
            </line>
            <line>
              <![CDATA[validate Search Field ]]>
            </line>
            <line>
              <![CDATA[validate Search Button]]>
            </line>
            <line>
              <![CDATA[andoh.samuel@gmail.comThis Test Data is NOT correct ]]>
            </line>
            <line>
              <![CDATA[launch the internet browser ]]>
            </line>
            <line>
              <![CDATA[------------------------------------- ]]>
            </line>
            <line>
              <![CDATA[validate Search Field ]]>
            </line>
            <line>
              <![CDATA[validate Search Button]]>
            </line>
            <line>
              <![CDATA[sammy27gh@yahoo.comThis Test Data is NOT correct ]]>
            </line>
            <line>
              <![CDATA[launch the internet browser ]]>
            </line>
            <line>
              <![CDATA[------------------------------------- ]]>
            </line>
            <line>
              <![CDATA[validate Search Field ]]>
            </line>
            <line>
              <![CDATA[validate Search Button]]>
            </line>
            <line>
              <![CDATA[yellow@gmail.comThis Test Data is NOT correct ]]>
            </line>
            <line>
              <![CDATA[launch the internet browser ]]>
            </line>
            <line>
              <![CDATA[------------------------------------- ]]>
            </line>
            <line>
              <![CDATA[validate Search Field ]]>
            </line>
            <line>
              <![CDATA[validate Search Button]]>
            </line>
            <line>
              <![CDATA[fellow@gmail.comThis Test Data is NOT correct ]]>
            </line>
            <line>
              <![CDATA[launch the internet browser ]]>
            </line>
            <line>
              <![CDATA[------------------------------------- ]]>
            </line>
            <line>
              <![CDATA[validate Search Field ]]>
            </line>
            <line>
              <![CDATA[validate Search Button]]>
            </line>
            <line>
              <![CDATA[twice@gmail.comThis Test Data is NOT correct ]]>
            </line>
            <line>
              <![CDATA[launch the internet browser ]]>
            </line>
            <line>
              <![CDATA[------------------------------------- ]]>
            </line>
            <line>
              <![CDATA[validate Search Field ]]>
            </line>
            <line>
              <![CDATA[validate Search Button]]>
            </line>
          </reporter-output>
        </test-method> <!-- parameterTestData -->
      </class> <!-- pageFactoryTest.eLoginPageTest -->
    </test> <!-- Command line test -->
  </suite> <!-- Command line suite -->
</testng-results>
