<?xml version="1.0" encoding="UTF-8"?>
<testng-results skipped="0" failed="2" total="7" passed="5">
  <reporter-output>
    <line>
      <![CDATA[Test for Books ]]>
    </line>
    <line>
      <![CDATA[validate Search Field ]]>
    </line>
    <line>
      <![CDATA[validate Search Button]]>
    </line>
    <line>
      <![CDATA[validate Search Field ]]>
    </line>
    <line>
      <![CDATA[validate Search Button]]>
    </line>
    <line>
      <![CDATA[validate Search Field ]]>
    </line>
    <line>
      <![CDATA[validate Search Button]]>
    </line>
    <line>
      <![CDATA[andoh.samuel@gmail.comThis Test Data is NOT correct ]]>
    </line>
    <line>
      <![CDATA[validate Search Field ]]>
    </line>
    <line>
      <![CDATA[validate Search Button]]>
    </line>
    <line>
      <![CDATA[sammy27gh@yahoo.comThis Test Data is NOT correct ]]>
    </line>
    <line>
      <![CDATA[validate Search Field ]]>
    </line>
    <line>
      <![CDATA[validate Search Button]]>
    </line>
    <line>
      <![CDATA[andoh.samuel@gmail.comThis Test Data is NOT correct ]]>
    </line>
    <line>
      <![CDATA[validate Search Field ]]>
    </line>
    <line>
      <![CDATA[validate Search Button]]>
    </line>
    <line>
      <![CDATA[sammy27gh@yahoo.comThis Test Data is NOT correct ]]>
    </line>
    <line>
      <![CDATA[validate Search Field ]]>
    </line>
    <line>
      <![CDATA[validate Search Button]]>
    </line>
    <line>
      <![CDATA[yellow@gmail.comThis Test Data is NOT correct ]]>
    </line>
    <line>
      <![CDATA[validate Search Field ]]>
    </line>
    <line>
      <![CDATA[validate Search Button]]>
    </line>
    <line>
      <![CDATA[fellow@gmail.comThis Test Data is NOT correct ]]>
    </line>
    <line>
      <![CDATA[validate Search Field ]]>
    </line>
    <line>
      <![CDATA[validate Search Button]]>
    </line>
    <line>
      <![CDATA[twice@gmail.comThis Test Data is NOT correct ]]>
    </line>
    <line>
      <![CDATA[validate Search Field ]]>
    </line>
    <line>
      <![CDATA[validate Search Button]]>
    </line>
    <line>
      <![CDATA[kwoao@gmail.comThis Test Data is NOT correct ]]>
    </line>
    <line>
      <![CDATA[validate Search Field ]]>
    </line>
    <line>
      <![CDATA[validate Search Button]]>
    </line>
    <line>
      <![CDATA[illigal@gmail.comThis Test Data is NOT correct ]]>
    </line>
    <line>
      <![CDATA[validate Search Field ]]>
    </line>
    <line>
      <![CDATA[validate Search Button]]>
    </line>
    <line>
      <![CDATA[frank@gmail.comThis Test Data is NOT correct ]]>
    </line>
    <line>
      <![CDATA[validate Search Field ]]>
    </line>
    <line>
      <![CDATA[validate Search Button]]>
    </line>
    <line>
      <![CDATA[andoh.samuel@gmail.comThis Test Data is NOT correct ]]>
    </line>
    <line>
      <![CDATA[validate Search Field ]]>
    </line>
    <line>
      <![CDATA[validate Search Button]]>
    </line>
    <line>
      <![CDATA[sammy27gh@yahoo.comThis Test Data is NOT correct ]]>
    </line>
    <line>
      <![CDATA[validate Search Field ]]>
    </line>
    <line>
      <![CDATA[validate Search Button]]>
    </line>
    <line>
      <![CDATA[andoh.samuel@gmail.comThis Test Data is NOT correct ]]>
    </line>
    <line>
      <![CDATA[validate Search Field ]]>
    </line>
    <line>
      <![CDATA[validate Search Button]]>
    </line>
    <line>
      <![CDATA[sammy27gh@yahoo.comThis Test Data is NOT correct ]]>
    </line>
  </reporter-output>
  <suite name="Command line suite" duration-ms="375652" started-at="2016-10-04T20:46:08Z" finished-at="2016-10-04T20:52:24Z">
    <groups>
    </groups>
    <test name="Command line test" duration-ms="375652" started-at="2016-10-04T20:46:08Z" finished-at="2016-10-04T20:52:24Z">
      <class name="loginTest.eLoginPageTest">
        <test-method status="PASS" signature="parameterTestData()[pri:0, instance:loginTest.eLoginPageTest@74a83c5d]" name="parameterTestData" duration-ms="274173" started-at="2016-10-04T15:47:23Z" finished-at="2016-10-04T15:51:57Z">
          <reporter-output>
            <line>
              <![CDATA[validate Search Field ]]>
            </line>
            <line>
              <![CDATA[validate Search Button]]>
            </line>
            <line>
              <![CDATA[andoh.samuel@gmail.comThis Test Data is NOT correct ]]>
            </line>
            <line>
              <![CDATA[validate Search Field ]]>
            </line>
            <line>
              <![CDATA[validate Search Button]]>
            </line>
            <line>
              <![CDATA[sammy27gh@yahoo.comThis Test Data is NOT correct ]]>
            </line>
            <line>
              <![CDATA[validate Search Field ]]>
            </line>
            <line>
              <![CDATA[validate Search Button]]>
            </line>
            <line>
              <![CDATA[andoh.samuel@gmail.comThis Test Data is NOT correct ]]>
            </line>
            <line>
              <![CDATA[validate Search Field ]]>
            </line>
            <line>
              <![CDATA[validate Search Button]]>
            </line>
            <line>
              <![CDATA[sammy27gh@yahoo.comThis Test Data is NOT correct ]]>
            </line>
            <line>
              <![CDATA[validate Search Field ]]>
            </line>
            <line>
              <![CDATA[validate Search Button]]>
            </line>
            <line>
              <![CDATA[yellow@gmail.comThis Test Data is NOT correct ]]>
            </line>
            <line>
              <![CDATA[validate Search Field ]]>
            </line>
            <line>
              <![CDATA[validate Search Button]]>
            </line>
            <line>
              <![CDATA[fellow@gmail.comThis Test Data is NOT correct ]]>
            </line>
            <line>
              <![CDATA[validate Search Field ]]>
            </line>
            <line>
              <![CDATA[validate Search Button]]>
            </line>
            <line>
              <![CDATA[twice@gmail.comThis Test Data is NOT correct ]]>
            </line>
            <line>
              <![CDATA[validate Search Field ]]>
            </line>
            <line>
              <![CDATA[validate Search Button]]>
            </line>
            <line>
              <![CDATA[kwoao@gmail.comThis Test Data is NOT correct ]]>
            </line>
            <line>
              <![CDATA[validate Search Field ]]>
            </line>
            <line>
              <![CDATA[validate Search Button]]>
            </line>
            <line>
              <![CDATA[illigal@gmail.comThis Test Data is NOT correct ]]>
            </line>
            <line>
              <![CDATA[validate Search Field ]]>
            </line>
            <line>
              <![CDATA[validate Search Button]]>
            </line>
            <line>
              <![CDATA[frank@gmail.comThis Test Data is NOT correct ]]>
            </line>
            <line>
              <![CDATA[validate Search Field ]]>
            </line>
            <line>
              <![CDATA[validate Search Button]]>
            </line>
            <line>
              <![CDATA[andoh.samuel@gmail.comThis Test Data is NOT correct ]]>
            </line>
            <line>
              <![CDATA[validate Search Field ]]>
            </line>
            <line>
              <![CDATA[validate Search Button]]>
            </line>
            <line>
              <![CDATA[sammy27gh@yahoo.comThis Test Data is NOT correct ]]>
            </line>
            <line>
              <![CDATA[validate Search Field ]]>
            </line>
            <line>
              <![CDATA[validate Search Button]]>
            </line>
            <line>
              <![CDATA[andoh.samuel@gmail.comThis Test Data is NOT correct ]]>
            </line>
            <line>
              <![CDATA[validate Search Field ]]>
            </line>
            <line>
              <![CDATA[validate Search Button]]>
            </line>
            <line>
              <![CDATA[sammy27gh@yahoo.comThis Test Data is NOT correct ]]>
            </line>
          </reporter-output>
        </test-method> <!-- parameterTestData -->
      </class> <!-- loginTest.eLoginPageTest -->
      <class name="loginTest.loginTest">
        <test-method status="PASS" signature="app_Test()[pri:0, instance:loginTest.loginTest@51133980]" name="app_Test" duration-ms="12198" started-at="2016-10-04T15:51:57Z" finished-at="2016-10-04T15:52:09Z">
          <reporter-output>
          </reporter-output>
        </test-method> <!-- app_Test -->
        <test-method status="PASS" signature="app_gmailAccountTest()[pri:0, instance:loginTest.loginTest@51133980]" name="app_gmailAccountTest" duration-ms="15142" started-at="2016-10-04T15:52:09Z" finished-at="2016-10-04T15:52:24Z">
          <reporter-output>
          </reporter-output>
        </test-method> <!-- app_gmailAccountTest -->
      </class> <!-- loginTest.loginTest -->
      <class name="loginTest.cAppTest">
        <test-method status="PASS" signature="bingSearchTest2()[pri:0, instance:loginTest.cAppTest@25956b11]" name="bingSearchTest2" duration-ms="14406" started-at="2016-10-04T15:47:08Z" finished-at="2016-10-04T15:47:23Z">
          <reporter-output>
            <line>
              <![CDATA[validate Search Field ]]>
            </line>
            <line>
              <![CDATA[validate Search Button]]>
            </line>
          </reporter-output>
        </test-method> <!-- bingSearchTest2 -->
      </class> <!-- loginTest.cAppTest -->
      <class name="CreditCardTest.CreditCardTest">
        <test-method status="PASS" signature="app_Test()[pri:0, instance:CreditCardTest.CreditCardTest@33aac3c]" name="app_Test" duration-ms="14428" started-at="2016-10-04T15:46:27Z" finished-at="2016-10-04T15:46:42Z">
          <reporter-output>
          </reporter-output>
        </test-method> <!-- app_Test -->
        <test-method status="FAIL" signature="app_gmailAccountTest()[pri:0, instance:CreditCardTest.CreditCardTest@33aac3c]" name="app_gmailAccountTest" duration-ms="17272" started-at="2016-10-04T15:46:42Z" finished-at="2016-10-04T15:46:59Z">
          <exception class="java.lang.AssertionError">
            <message>
              <![CDATA[the account did not have a tag. expected [true] but found [false]]]>
            </message>
            <full-stacktrace>
              <![CDATA[java.lang.AssertionError: the account did not have a tag. expected [true] but found [false]
	at org.testng.Assert.fail(Assert.java:94)
	at org.testng.Assert.failNotEquals(Assert.java:496)
	at org.testng.Assert.assertEquals(Assert.java:125)
	at org.testng.Assert.assertEquals(Assert.java:288)
	at CreditCardTest.CreditCardTest.app_gmailAccountTest(CreditCardTest.java:39)
	at sun.reflect.NativeMethodAccessorImpl.invoke0(Native Method)
	at sun.reflect.NativeMethodAccessorImpl.invoke(NativeMethodAccessorImpl.java:57)
	at sun.reflect.DelegatingMethodAccessorImpl.invoke(DelegatingMethodAccessorImpl.java:43)
	at java.lang.reflect.Method.invoke(Method.java:606)
	at org.testng.internal.MethodInvocationHelper.invokeMethod(MethodInvocationHelper.java:85)
	at org.testng.internal.Invoker.invokeMethod(Invoker.java:639)
	at org.testng.internal.Invoker.invokeTestMethod(Invoker.java:821)
	at org.testng.internal.Invoker.invokeTestMethods(Invoker.java:1131)
	at org.testng.internal.TestMethodWorker.invokeTestMethods(TestMethodWorker.java:124)
	at org.testng.internal.TestMethodWorker.run(TestMethodWorker.java:108)
	at org.testng.TestRunner.privateRun(TestRunner.java:773)
	at org.testng.TestRunner.run(TestRunner.java:623)
	at org.testng.SuiteRunner.runTest(SuiteRunner.java:357)
	at org.testng.SuiteRunner.runSequentially(SuiteRunner.java:352)
	at org.testng.SuiteRunner.privateRun(SuiteRunner.java:310)
	at org.testng.SuiteRunner.run(SuiteRunner.java:259)
	at org.testng.SuiteRunnerWorker.runSuite(SuiteRunnerWorker.java:52)
	at org.testng.SuiteRunnerWorker.run(SuiteRunnerWorker.java:86)
	at org.testng.TestNG.runSuitesSequentially(TestNG.java:1185)
	at org.testng.TestNG.runSuitesLocally(TestNG.java:1110)
	at org.testng.TestNG.run(TestNG.java:1018)
	at org.apache.maven.surefire.testng.TestNGExecutor.run(TestNGExecutor.java:77)
	at org.apache.maven.surefire.testng.TestNGDirectoryTestSuite.executeMulti(TestNGDirectoryTestSuite.java:159)
	at org.apache.maven.surefire.testng.TestNGDirectoryTestSuite.execute(TestNGDirectoryTestSuite.java:99)
	at org.apache.maven.surefire.testng.TestNGProvider.invoke(TestNGProvider.java:106)
	at sun.reflect.NativeMethodAccessorImpl.invoke0(Native Method)
	at sun.reflect.NativeMethodAccessorImpl.invoke(NativeMethodAccessorImpl.java:57)
	at sun.reflect.DelegatingMethodAccessorImpl.invoke(DelegatingMethodAccessorImpl.java:43)
	at java.lang.reflect.Method.invoke(Method.java:606)
	at org.apache.maven.surefire.util.ReflectionUtils.invokeMethodWithArray(ReflectionUtils.java:189)
	at org.apache.maven.surefire.booter.ProviderFactory$ProviderProxy.invoke(ProviderFactory.java:165)
	at org.apache.maven.surefire.booter.ProviderFactory.invokeProvider(ProviderFactory.java:85)
	at org.apache.maven.surefire.booter.ForkedBooter.runSuitesInProcess(ForkedBooter.java:115)
	at org.apache.maven.surefire.booter.ForkedBooter.main(ForkedBooter.java:75)
]]>
            </full-stacktrace>
          </exception> <!-- java.lang.AssertionError -->
          <reporter-output>
          </reporter-output>
        </test-method> <!-- app_gmailAccountTest -->
      </class> <!-- CreditCardTest.CreditCardTest -->
      <class name="loginTest.bAppTest">
        <test-method status="PASS" signature="setup()[pri:0, instance:loginTest.bAppTest@5bc5dc73]" name="setup" is-config="true" duration-ms="7687" started-at="2016-10-04T15:46:08Z" finished-at="2016-10-04T15:46:16Z">
          <reporter-output>
          </reporter-output>
        </test-method> <!-- setup -->
        <test-method status="PASS" signature="setup()[pri:0, instance:loginTest.cAppTest@25956b11]" name="setup" is-config="true" duration-ms="5336" started-at="2016-10-04T15:46:16Z" finished-at="2016-10-04T15:46:22Z">
          <reporter-output>
          </reporter-output>
        </test-method> <!-- setup -->
        <test-method status="PASS" signature="setup()[pri:0, instance:loginTest.eLoginPageTest@74a83c5d]" name="setup" is-config="true" duration-ms="5671" started-at="2016-10-04T15:46:22Z" finished-at="2016-10-04T15:46:27Z">
          <reporter-output>
          </reporter-output>
        </test-method> <!-- setup -->
        <test-method status="FAIL" signature="bingSearchTest1()[pri:0, instance:loginTest.bAppTest@5bc5dc73]" name="bingSearchTest1" duration-ms="9267" started-at="2016-10-04T15:46:59Z" finished-at="2016-10-04T15:47:08Z">
          <exception class="java.lang.AssertionError">
            <message>
              <![CDATA[expected [true] but found [false]]]>
            </message>
            <full-stacktrace>
              <![CDATA[java.lang.AssertionError: expected [true] but found [false]
	at org.testng.Assert.fail(Assert.java:94)
	at org.testng.Assert.failNotEquals(Assert.java:496)
	at org.testng.Assert.assertEquals(Assert.java:125)
	at org.testng.Assert.assertEquals(Assert.java:288)
	at org.testng.Assert.assertEquals(Assert.java:298)
	at loginTest.bAppTest.bingSearchTest1(bAppTest.java:60)
	at sun.reflect.NativeMethodAccessorImpl.invoke0(Native Method)
	at sun.reflect.NativeMethodAccessorImpl.invoke(NativeMethodAccessorImpl.java:57)
	at sun.reflect.DelegatingMethodAccessorImpl.invoke(DelegatingMethodAccessorImpl.java:43)
	at java.lang.reflect.Method.invoke(Method.java:606)
	at org.testng.internal.MethodInvocationHelper.invokeMethod(MethodInvocationHelper.java:85)
	at org.testng.internal.Invoker.invokeMethod(Invoker.java:639)
	at org.testng.internal.Invoker.invokeTestMethod(Invoker.java:821)
	at org.testng.internal.Invoker.invokeTestMethods(Invoker.java:1131)
	at org.testng.internal.TestMethodWorker.invokeTestMethods(TestMethodWorker.java:124)
	at org.testng.internal.TestMethodWorker.run(TestMethodWorker.java:108)
	at org.testng.TestRunner.privateRun(TestRunner.java:773)
	at org.testng.TestRunner.run(TestRunner.java:623)
	at org.testng.SuiteRunner.runTest(SuiteRunner.java:357)
	at org.testng.SuiteRunner.runSequentially(SuiteRunner.java:352)
	at org.testng.SuiteRunner.privateRun(SuiteRunner.java:310)
	at org.testng.SuiteRunner.run(SuiteRunner.java:259)
	at org.testng.SuiteRunnerWorker.runSuite(SuiteRunnerWorker.java:52)
	at org.testng.SuiteRunnerWorker.run(SuiteRunnerWorker.java:86)
	at org.testng.TestNG.runSuitesSequentially(TestNG.java:1185)
	at org.testng.TestNG.runSuitesLocally(TestNG.java:1110)
	at org.testng.TestNG.run(TestNG.java:1018)
	at org.apache.maven.surefire.testng.TestNGExecutor.run(TestNGExecutor.java:77)
	at org.apache.maven.surefire.testng.TestNGDirectoryTestSuite.executeMulti(TestNGDirectoryTestSuite.java:159)
	at org.apache.maven.surefire.testng.TestNGDirectoryTestSuite.execute(TestNGDirectoryTestSuite.java:99)
	at org.apache.maven.surefire.testng.TestNGProvider.invoke(TestNGProvider.java:106)
	at sun.reflect.NativeMethodAccessorImpl.invoke0(Native Method)
	at sun.reflect.NativeMethodAccessorImpl.invoke(NativeMethodAccessorImpl.java:57)
	at sun.reflect.DelegatingMethodAccessorImpl.invoke(DelegatingMethodAccessorImpl.java:43)
	at java.lang.reflect.Method.invoke(Method.java:606)
	at org.apache.maven.surefire.util.ReflectionUtils.invokeMethodWithArray(ReflectionUtils.java:189)
	at org.apache.maven.surefire.booter.ProviderFactory$ProviderProxy.invoke(ProviderFactory.java:165)
	at org.apache.maven.surefire.booter.ProviderFactory.invokeProvider(ProviderFactory.java:85)
	at org.apache.maven.surefire.booter.ForkedBooter.runSuitesInProcess(ForkedBooter.java:115)
	at org.apache.maven.surefire.booter.ForkedBooter.main(ForkedBooter.java:75)
]]>
            </full-stacktrace>
          </exception> <!-- java.lang.AssertionError -->
          <reporter-output>
            <line>
              <![CDATA[Test for Books ]]>
            </line>
            <line>
              <![CDATA[validate Search Field ]]>
            </line>
            <line>
              <![CDATA[validate Search Button]]>
            </line>
          </reporter-output>
        </test-method> <!-- bingSearchTest1 -->
      </class> <!-- loginTest.bAppTest -->
    </test> <!-- Command line test -->
  </suite> <!-- Command line suite -->
</testng-results>
