<?xml version="1.0" encoding="UTF-8"?>
<testng-results skipped="0" failed="0" total="3" passed="3">
  <reporter-output>
    <line>
      <![CDATA[launch the internet browser ]]>
    </line>
    <line>
      <![CDATA[launch the internet browser ]]>
    </line>
    <line>
      <![CDATA[Test for Books ]]>
    </line>
  </reporter-output>
  <suite name="Command line suite" duration-ms="198239" started-at="2016-05-09T03:10:57Z" finished-at="2016-05-09T03:14:15Z">
    <groups>
    </groups>
    <test name="Command line test" duration-ms="198239" started-at="2016-05-09T03:10:57Z" finished-at="2016-05-09T03:14:15Z">
      <class name="pageFactoryTest.eLoginPageTest">
        <test-method status="PASS" signature="parameterTestData()[pri:0, instance:pageFactoryTest.eLoginPageTest@707a7686]" name="parameterTestData" duration-ms="121324" started-at="2016-05-08T22:12:14Z" finished-at="2016-05-08T22:14:15Z">
          <reporter-output>
          </reporter-output>
        </test-method> <!-- parameterTestData -->
      </class> <!-- pageFactoryTest.eLoginPageTest -->
      <class name="pageFactoryTest.cAppTest">
        <test-method status="PASS" signature="bingSearchTest2()[pri:0, instance:pageFactoryTest.cAppTest@ecd90ce]" name="bingSearchTest2" duration-ms="15788" started-at="2016-05-08T22:11:58Z" finished-at="2016-05-08T22:12:14Z">
          <reporter-output>
          </reporter-output>
        </test-method> <!-- bingSearchTest2 -->
      </class> <!-- pageFactoryTest.cAppTest -->
      <class name="pageFactoryTest.bAppTest">
        <test-method status="PASS" signature="setup1()[pri:0, instance:pageFactoryTest.bAppTest@31e28608]" name="setup1" is-config="true" duration-ms="8691" started-at="2016-05-08T22:10:57Z" finished-at="2016-05-08T22:11:06Z">
          <reporter-output>
            <line>
              <![CDATA[launch the internet browser ]]>
            </line>
          </reporter-output>
        </test-method> <!-- setup1 -->
        <test-method status="PASS" signature="setup1()[pri:0, instance:pageFactoryTest.cAppTest@ecd90ce]" name="setup1" is-config="true" duration-ms="8829" started-at="2016-05-08T22:11:06Z" finished-at="2016-05-08T22:11:14Z">
          <reporter-output>
          </reporter-output>
        </test-method> <!-- setup1 -->
        <test-method status="PASS" signature="setup1()[pri:0, instance:pageFactoryTest.dAppTest@59ddcbf9]" name="setup1" is-config="true" duration-ms="14107" started-at="2016-05-08T22:11:14Z" finished-at="2016-05-08T22:11:29Z">
          <reporter-output>
          </reporter-output>
        </test-method> <!-- setup1 -->
        <test-method status="PASS" signature="setup()[pri:0, instance:pageFactoryTest.eLoginPageTest@707a7686]" name="setup" is-config="true" duration-ms="10010" started-at="2016-05-08T22:11:29Z" finished-at="2016-05-08T22:11:39Z">
          <reporter-output>
          </reporter-output>
        </test-method> <!-- setup -->
        <test-method status="PASS" signature="bingSearchTest1()[pri:0, instance:pageFactoryTest.bAppTest@31e28608]" name="bingSearchTest1" duration-ms="19473" started-at="2016-05-08T22:11:39Z" finished-at="2016-05-08T22:11:58Z">
          <reporter-output>
            <line>
              <![CDATA[launch the internet browser ]]>
            </line>
            <line>
              <![CDATA[Test for Books ]]>
            </line>
          </reporter-output>
        </test-method> <!-- bingSearchTest1 -->
      </class> <!-- pageFactoryTest.bAppTest -->
    </test> <!-- Command line test -->
  </suite> <!-- Command line suite -->
</testng-results>
