<?xml version="1.0" encoding="UTF-8"?>
<testng-results skipped="0" failed="0" total="1" passed="1">
  <reporter-output>
    <line>
      <![CDATA[launch the internet browser ]]>
    </line>
    <line>
      <![CDATA[Validate the Bing Searvh Field]]>
    </line>
    <line>
      <![CDATA[Search Button]]>
    </line>
    <line>
      <![CDATA[MathThis Test Data is Correct ]]>
    </line>
    <line>
      <![CDATA[launch the internet browser ]]>
    </line>
    <line>
      <![CDATA[Validate the Bing Searvh Field]]>
    </line>
    <line>
      <![CDATA[Search Button]]>
    </line>
    <line>
      <![CDATA[EnglishThis Test Data is NOT correct ]]>
    </line>
    <line>
      <![CDATA[launch the internet browser ]]>
    </line>
    <line>
      <![CDATA[Validate the Bing Searvh Field]]>
    </line>
    <line>
      <![CDATA[Search Button]]>
    </line>
    <line>
      <![CDATA[ScienceThis Test Data is NOT correct ]]>
    </line>
    <line>
      <![CDATA[launch the internet browser ]]>
    </line>
    <line>
      <![CDATA[Validate the Bing Searvh Field]]>
    </line>
    <line>
      <![CDATA[Search Button]]>
    </line>
    <line>
      <![CDATA[EngineeringThis Test Data is NOT correct ]]>
    </line>
    <line>
      <![CDATA[launch the internet browser ]]>
    </line>
    <line>
      <![CDATA[Validate the Bing Searvh Field]]>
    </line>
    <line>
      <![CDATA[Search Button]]>
    </line>
    <line>
      <![CDATA[This Test Data is Correct ]]>
    </line>
    <line>
      <![CDATA[launch the internet browser ]]>
    </line>
  </reporter-output>
  <suite name="Command line suite" duration-ms="117970" started-at="2016-05-10T21:47:43Z" finished-at="2016-05-10T21:49:41Z">
    <groups>
    </groups>
    <test name="Command line test" duration-ms="117970" started-at="2016-05-10T21:47:43Z" finished-at="2016-05-10T21:49:41Z">
      <class name="pageFactoryTest.eLoginPageTest">
        <test-method status="PASS" signature="setup1()[pri:0, instance:pageFactoryTest.eLoginPageTest@2d9ff359]" name="setup1" is-config="true" duration-ms="7040" started-at="2016-05-10T16:47:43Z" finished-at="2016-05-10T16:47:50Z">
          <reporter-output>
            <line>
              <![CDATA[launch the internet browser ]]>
            </line>
          </reporter-output>
        </test-method> <!-- setup1 -->
        <test-method status="PASS" signature="parameterTestData()[pri:0, instance:pageFactoryTest.eLoginPageTest@2d9ff359]" name="parameterTestData" duration-ms="110914" started-at="2016-05-10T16:47:50Z" finished-at="2016-05-10T16:49:41Z">
          <reporter-output>
            <line>
              <![CDATA[Validate the Bing Searvh Field]]>
            </line>
            <line>
              <![CDATA[Search Button]]>
            </line>
            <line>
              <![CDATA[MathThis Test Data is Correct ]]>
            </line>
            <line>
              <![CDATA[launch the internet browser ]]>
            </line>
            <line>
              <![CDATA[Validate the Bing Searvh Field]]>
            </line>
            <line>
              <![CDATA[Search Button]]>
            </line>
            <line>
              <![CDATA[EnglishThis Test Data is NOT correct ]]>
            </line>
            <line>
              <![CDATA[launch the internet browser ]]>
            </line>
            <line>
              <![CDATA[Validate the Bing Searvh Field]]>
            </line>
            <line>
              <![CDATA[Search Button]]>
            </line>
            <line>
              <![CDATA[ScienceThis Test Data is NOT correct ]]>
            </line>
            <line>
              <![CDATA[launch the internet browser ]]>
            </line>
            <line>
              <![CDATA[Validate the Bing Searvh Field]]>
            </line>
            <line>
              <![CDATA[Search Button]]>
            </line>
            <line>
              <![CDATA[EngineeringThis Test Data is NOT correct ]]>
            </line>
            <line>
              <![CDATA[launch the internet browser ]]>
            </line>
            <line>
              <![CDATA[Validate the Bing Searvh Field]]>
            </line>
            <line>
              <![CDATA[Search Button]]>
            </line>
            <line>
              <![CDATA[This Test Data is Correct ]]>
            </line>
            <line>
              <![CDATA[launch the internet browser ]]>
            </line>
          </reporter-output>
        </test-method> <!-- parameterTestData -->
      </class> <!-- pageFactoryTest.eLoginPageTest -->
    </test> <!-- Command line test -->
  </suite> <!-- Command line suite -->
</testng-results>
