<?xml version="1.0" encoding="UTF-8"?>
<testng-results skipped="3" failed="0" total="3" passed="0">
  <reporter-output>
  </reporter-output>
  <suite name="Command line suite" duration-ms="47063" started-at="2016-05-16T14:36:42Z" finished-at="2016-05-16T14:37:29Z">
    <groups>
    </groups>
    <test name="Command line test" duration-ms="47063" started-at="2016-05-16T14:36:42Z" finished-at="2016-05-16T14:37:29Z">
      <class name="pageFactoryTest.eLoginPageTest">
        <test-method status="SKIP" signature="parameterTestData()[pri:0, instance:pageFactoryTest.eLoginPageTest@3add750e]" name="parameterTestData" duration-ms="0" started-at="2016-05-16T09:37:29Z" finished-at="2016-05-16T09:37:29Z">
          <reporter-output>
          </reporter-output>
        </test-method> <!-- parameterTestData -->
      </class> <!-- pageFactoryTest.eLoginPageTest -->
      <class name="pageFactoryTest.cAppTest">
        <test-method status="FAIL" signature="setup1()[pri:0, instance:pageFactoryTest.cAppTest@22c6bb6c]" name="setup1" is-config="true" duration-ms="0" started-at="2016-05-16T09:36:42Z" finished-at="2016-05-16T09:36:42Z">
          <exception class="org.openqa.selenium.WebDriverException">
            <message>
              <![CDATA[Failed to connect to binary FirefoxBinary(C:\Program Files (x86)\Mozilla Firefox\firefox.exe) on port 7055; process output follows: 
}","syncGUID":"Xaq2Xgwcv7Q2","location":"app-global","version":"46.0.1","type":"theme","internalName":"classic/1.0","updateURL":null,"updateKey":null,"optionsURL":null,"optionsType":null,"aboutURL":null,"icons":{"32":"icon.png","48":"icon.png"},"iconURL":null,"icon64URL":null,"defaultLocale":{"name":"Default","description":"The default theme.","creator":"Mozilla","homepageURL":null,"contributors":["Mozilla Contributors"]},"visible":true,"active":true,"userDisabled":false,"appDisabled":false,"descriptor":"C:\\Program Files (x86)\\Mozilla Firefox\\browser\\extensions\\{972ce4c6-7e08-4474-a285-3208198ce6fd}.xpi","installDate":1462529052434,"updateDate":1462529052434,"applyBackgroundUpdates":1,"skinnable":true,"size":22012,"sourceURI":null,"releaseNotesURI":null,"softDisabled":false,"foreignInstall":false,"hasBinaryComponents":false,"strictCompatibility":true,"locales":[],"targetApplications":[{"id":"{ec8030f7-c20a-464f-9b0e-13a3a9e97384}","minVersion":"46.0.1","maxVersion":"46.0.1"}],"targetPlatforms":[],"seen":true}
1463409404235	addons.xpi	DEBUG	getModTime: Recursive scan of {972ce4c6-7e08-4474-a285-3208198ce6fd}
1463409404236	DeferredSave.extensions.json	DEBUG	Save changes
1463409404236	addons.xpi	DEBUG	Updating database with changes to installed add-ons
1463409404236	addons.xpi-utils	DEBUG	Updating add-on states
1463409404239	addons.xpi-utils	DEBUG	Writing add-ons list
1463409404241	addons.xpi	DEBUG	Registering manifest for C:\Program Files (x86)\Mozilla Firefox\browser\features\e10srollout@mozilla.org.xpi
1463409404242	addons.xpi	DEBUG	Calling bootstrap method startup on e10srollout@mozilla.org version 1.0
1463409404242	addons.xpi	DEBUG	Registering manifest for C:\Program Files (x86)\Mozilla Firefox\browser\features\firefox@getpocket.com.xpi
1463409404243	addons.xpi	DEBUG	Calling bootstrap method startup on firefox@getpocket.com version 1.0
1463409404243	addons.xpi	DEBUG	Registering manifest for C:\Program Files (x86)\Mozilla Firefox\browser\features\loop@mozilla.org.xpi
1463409404244	addons.xpi	DEBUG	Calling bootstrap method startup on loop@mozilla.org version 1.2.6
1463409404259	addons.manager	DEBUG	Registering shutdown blocker for XPIProvider
1463409404259	addons.manager	DEBUG	Provider finished startup: XPIProvider
1463409404259	addons.manager	DEBUG	Starting provider: LightweightThemeManager
1463409404259	addons.manager	DEBUG	Registering shutdown blocker for LightweightThemeManager
1463409404259	addons.manager	DEBUG	Provider finished startup: LightweightThemeManager
1463409404260	addons.manager	DEBUG	Starting provider: GMPProvider
1463409404264	addons.manager	DEBUG	Registering shutdown blocker for GMPProvider
1463409404264	addons.manager	DEBUG	Provider finished startup: GMPProvider
1463409404264	addons.manager	DEBUG	Starting provider: PluginProvider
1463409404264	addons.manager	DEBUG	Registering shutdown blocker for PluginProvider
1463409404264	addons.manager	DEBUG	Provider finished startup: PluginProvider
1463409404264	addons.manager	DEBUG	Completed startup sequence
1463409406059	addons.manager	DEBUG	Starting provider: <unnamed-provider>
1463409406059	addons.manager	DEBUG	Registering shutdown blocker for <unnamed-provider>
1463409406059	addons.manager	DEBUG	Provider finished startup: <unnamed-provider>
1463409406060	DeferredSave.extensions.json	DEBUG	Starting write
1463409406348	addons.repository	DEBUG	No addons.json found.
1463409406348	DeferredSave.addons.json	DEBUG	Save changes
1463409406350	DeferredSave.addons.json	DEBUG	Starting timer
1463409406378	addons.manager	DEBUG	Starting provider: PreviousExperimentProvider
1463409406378	addons.manager	DEBUG	Registering shutdown blocker for PreviousExperimentProvider
1463409406378	addons.manager	DEBUG	Provider finished startup: PreviousExperimentProvider
1463409406381	DeferredSave.extensions.json	DEBUG	Write succeeded
1463409406381	addons.xpi-utils	DEBUG	XPI Database saved, setting schema version preference to 17
1463409406447	DeferredSave.addons.json	DEBUG	Starting write
1463409406475	DeferredSave.addons.json	DEBUG	Write succeeded

Build info: version: '2.50.0', revision: '1070ace4650453d518aeb03e7a9a36c9d264a8e7', time: '2016-01-27 10:46:18'
System info: host: 'samuel-andoh', ip: '10.0.0.163', os.name: 'Windows 8.1', os.arch: 'amd64', os.version: '6.3', java.version: '1.7.0_79'
Driver info: driver.version: FirefoxDriver]]>
            </message>
            <full-stacktrace>
              <![CDATA[org.openqa.selenium.WebDriverException: Failed to connect to binary FirefoxBinary(C:\Program Files (x86)\Mozilla Firefox\firefox.exe) on port 7055; process output follows: 
}","syncGUID":"Xaq2Xgwcv7Q2","location":"app-global","version":"46.0.1","type":"theme","internalName":"classic/1.0","updateURL":null,"updateKey":null,"optionsURL":null,"optionsType":null,"aboutURL":null,"icons":{"32":"icon.png","48":"icon.png"},"iconURL":null,"icon64URL":null,"defaultLocale":{"name":"Default","description":"The default theme.","creator":"Mozilla","homepageURL":null,"contributors":["Mozilla Contributors"]},"visible":true,"active":true,"userDisabled":false,"appDisabled":false,"descriptor":"C:\\Program Files (x86)\\Mozilla Firefox\\browser\\extensions\\{972ce4c6-7e08-4474-a285-3208198ce6fd}.xpi","installDate":1462529052434,"updateDate":1462529052434,"applyBackgroundUpdates":1,"skinnable":true,"size":22012,"sourceURI":null,"releaseNotesURI":null,"softDisabled":false,"foreignInstall":false,"hasBinaryComponents":false,"strictCompatibility":true,"locales":[],"targetApplications":[{"id":"{ec8030f7-c20a-464f-9b0e-13a3a9e97384}","minVersion":"46.0.1","maxVersion":"46.0.1"}],"targetPlatforms":[],"seen":true}
1463409404235	addons.xpi	DEBUG	getModTime: Recursive scan of {972ce4c6-7e08-4474-a285-3208198ce6fd}
1463409404236	DeferredSave.extensions.json	DEBUG	Save changes
1463409404236	addons.xpi	DEBUG	Updating database with changes to installed add-ons
1463409404236	addons.xpi-utils	DEBUG	Updating add-on states
1463409404239	addons.xpi-utils	DEBUG	Writing add-ons list
1463409404241	addons.xpi	DEBUG	Registering manifest for C:\Program Files (x86)\Mozilla Firefox\browser\features\e10srollout@mozilla.org.xpi
1463409404242	addons.xpi	DEBUG	Calling bootstrap method startup on e10srollout@mozilla.org version 1.0
1463409404242	addons.xpi	DEBUG	Registering manifest for C:\Program Files (x86)\Mozilla Firefox\browser\features\firefox@getpocket.com.xpi
1463409404243	addons.xpi	DEBUG	Calling bootstrap method startup on firefox@getpocket.com version 1.0
1463409404243	addons.xpi	DEBUG	Registering manifest for C:\Program Files (x86)\Mozilla Firefox\browser\features\loop@mozilla.org.xpi
1463409404244	addons.xpi	DEBUG	Calling bootstrap method startup on loop@mozilla.org version 1.2.6
1463409404259	addons.manager	DEBUG	Registering shutdown blocker for XPIProvider
1463409404259	addons.manager	DEBUG	Provider finished startup: XPIProvider
1463409404259	addons.manager	DEBUG	Starting provider: LightweightThemeManager
1463409404259	addons.manager	DEBUG	Registering shutdown blocker for LightweightThemeManager
1463409404259	addons.manager	DEBUG	Provider finished startup: LightweightThemeManager
1463409404260	addons.manager	DEBUG	Starting provider: GMPProvider
1463409404264	addons.manager	DEBUG	Registering shutdown blocker for GMPProvider
1463409404264	addons.manager	DEBUG	Provider finished startup: GMPProvider
1463409404264	addons.manager	DEBUG	Starting provider: PluginProvider
1463409404264	addons.manager	DEBUG	Registering shutdown blocker for PluginProvider
1463409404264	addons.manager	DEBUG	Provider finished startup: PluginProvider
1463409404264	addons.manager	DEBUG	Completed startup sequence
1463409406059	addons.manager	DEBUG	Starting provider: <unnamed-provider>
1463409406059	addons.manager	DEBUG	Registering shutdown blocker for <unnamed-provider>
1463409406059	addons.manager	DEBUG	Provider finished startup: <unnamed-provider>
1463409406060	DeferredSave.extensions.json	DEBUG	Starting write
1463409406348	addons.repository	DEBUG	No addons.json found.
1463409406348	DeferredSave.addons.json	DEBUG	Save changes
1463409406350	DeferredSave.addons.json	DEBUG	Starting timer
1463409406378	addons.manager	DEBUG	Starting provider: PreviousExperimentProvider
1463409406378	addons.manager	DEBUG	Registering shutdown blocker for PreviousExperimentProvider
1463409406378	addons.manager	DEBUG	Provider finished startup: PreviousExperimentProvider
1463409406381	DeferredSave.extensions.json	DEBUG	Write succeeded
1463409406381	addons.xpi-utils	DEBUG	XPI Database saved, setting schema version preference to 17
1463409406447	DeferredSave.addons.json	DEBUG	Starting write
1463409406475	DeferredSave.addons.json	DEBUG	Write succeeded

Build info: version: '2.50.0', revision: '1070ace4650453d518aeb03e7a9a36c9d264a8e7', time: '2016-01-27 10:46:18'
System info: host: 'samuel-andoh', ip: '10.0.0.163', os.name: 'Windows 8.1', os.arch: 'amd64', os.version: '6.3', java.version: '1.7.0_79'
Driver info: driver.version: FirefoxDriver
	at org.openqa.selenium.firefox.internal.NewProfileExtensionConnection.start(NewProfileExtensionConnection.java:135)
	at org.openqa.selenium.firefox.FirefoxDriver.startClient(FirefoxDriver.java:271)
	at org.openqa.selenium.remote.RemoteWebDriver.<init>(RemoteWebDriver.java:119)
	at org.openqa.selenium.firefox.FirefoxDriver.<init>(FirefoxDriver.java:216)
	at org.openqa.selenium.firefox.FirefoxDriver.<init>(FirefoxDriver.java:211)
	at org.openqa.selenium.firefox.FirefoxDriver.<init>(FirefoxDriver.java:207)
	at org.openqa.selenium.firefox.FirefoxDriver.<init>(FirefoxDriver.java:120)
	at pageFactoryTest.cAppTest.setup1(cAppTest.java:29)
	at sun.reflect.NativeMethodAccessorImpl.invoke0(Native Method)
	at sun.reflect.NativeMethodAccessorImpl.invoke(NativeMethodAccessorImpl.java:57)
	at sun.reflect.DelegatingMethodAccessorImpl.invoke(DelegatingMethodAccessorImpl.java:43)
	at java.lang.reflect.Method.invoke(Method.java:606)
	at org.testng.internal.MethodInvocationHelper.invokeMethod(MethodInvocationHelper.java:85)
	at org.testng.internal.Invoker.invokeConfigurationMethod(Invoker.java:510)
	at org.testng.internal.Invoker.invokeConfigurations(Invoker.java:211)
	at org.testng.internal.Invoker.invokeConfigurations(Invoker.java:138)
	at org.testng.TestRunner.beforeRun(TestRunner.java:647)
	at org.testng.TestRunner.run(TestRunner.java:615)
	at org.testng.SuiteRunner.runTest(SuiteRunner.java:357)
	at org.testng.SuiteRunner.runSequentially(SuiteRunner.java:352)
	at org.testng.SuiteRunner.privateRun(SuiteRunner.java:310)
	at org.testng.SuiteRunner.run(SuiteRunner.java:259)
	at org.testng.SuiteRunnerWorker.runSuite(SuiteRunnerWorker.java:52)
	at org.testng.SuiteRunnerWorker.run(SuiteRunnerWorker.java:86)
	at org.testng.TestNG.runSuitesSequentially(TestNG.java:1185)
	at org.testng.TestNG.runSuitesLocally(TestNG.java:1110)
	at org.testng.TestNG.run(TestNG.java:1018)
	at org.apache.maven.surefire.testng.TestNGExecutor.run(TestNGExecutor.java:77)
	at org.apache.maven.surefire.testng.TestNGDirectoryTestSuite.executeMulti(TestNGDirectoryTestSuite.java:159)
	at org.apache.maven.surefire.testng.TestNGDirectoryTestSuite.execute(TestNGDirectoryTestSuite.java:99)
	at org.apache.maven.surefire.testng.TestNGProvider.invoke(TestNGProvider.java:106)
	at sun.reflect.NativeMethodAccessorImpl.invoke0(Native Method)
	at sun.reflect.NativeMethodAccessorImpl.invoke(NativeMethodAccessorImpl.java:57)
	at sun.reflect.DelegatingMethodAccessorImpl.invoke(DelegatingMethodAccessorImpl.java:43)
	at java.lang.reflect.Method.invoke(Method.java:606)
	at org.apache.maven.surefire.util.ReflectionUtils.invokeMethodWithArray(ReflectionUtils.java:189)
	at org.apache.maven.surefire.booter.ProviderFactory$ProviderProxy.invoke(ProviderFactory.java:165)
	at org.apache.maven.surefire.booter.ProviderFactory.invokeProvider(ProviderFactory.java:85)
	at org.apache.maven.surefire.booter.ForkedBooter.runSuitesInProcess(ForkedBooter.java:115)
	at org.apache.maven.surefire.booter.ForkedBooter.main(ForkedBooter.java:75)
Caused by: org.openqa.selenium.firefox.NotConnectedException: Unable to connect to host 127.0.0.1 on port 7055 after 45000 ms. Firefox console output:
}","syncGUID":"Xaq2Xgwcv7Q2","location":"app-global","version":"46.0.1","type":"theme","internalName":"classic/1.0","updateURL":null,"updateKey":null,"optionsURL":null,"optionsType":null,"aboutURL":null,"icons":{"32":"icon.png","48":"icon.png"},"iconURL":null,"icon64URL":null,"defaultLocale":{"name":"Default","description":"The default theme.","creator":"Mozilla","homepageURL":null,"contributors":["Mozilla Contributors"]},"visible":true,"active":true,"userDisabled":false,"appDisabled":false,"descriptor":"C:\\Program Files (x86)\\Mozilla Firefox\\browser\\extensions\\{972ce4c6-7e08-4474-a285-3208198ce6fd}.xpi","installDate":1462529052434,"updateDate":1462529052434,"applyBackgroundUpdates":1,"skinnable":true,"size":22012,"sourceURI":null,"releaseNotesURI":null,"softDisabled":false,"foreignInstall":false,"hasBinaryComponents":false,"strictCompatibility":true,"locales":[],"targetApplications":[{"id":"{ec8030f7-c20a-464f-9b0e-13a3a9e97384}","minVersion":"46.0.1","maxVersion":"46.0.1"}],"targetPlatforms":[],"seen":true}
1463409404235	addons.xpi	DEBUG	getModTime: Recursive scan of {972ce4c6-7e08-4474-a285-3208198ce6fd}
1463409404236	DeferredSave.extensions.json	DEBUG	Save changes
1463409404236	addons.xpi	DEBUG	Updating database with changes to installed add-ons
1463409404236	addons.xpi-utils	DEBUG	Updating add-on states
1463409404239	addons.xpi-utils	DEBUG	Writing add-ons list
1463409404241	addons.xpi	DEBUG	Registering manifest for C:\Program Files (x86)\Mozilla Firefox\browser\features\e10srollout@mozilla.org.xpi
1463409404242	addons.xpi	DEBUG	Calling bootstrap method startup on e10srollout@mozilla.org version 1.0
1463409404242	addons.xpi	DEBUG	Registering manifest for C:\Program Files (x86)\Mozilla Firefox\browser\features\firefox@getpocket.com.xpi
1463409404243	addons.xpi	DEBUG	Calling bootstrap method startup on firefox@getpocket.com version 1.0
1463409404243	addons.xpi	DEBUG	Registering manifest for C:\Program Files (x86)\Mozilla Firefox\browser\features\loop@mozilla.org.xpi
1463409404244	addons.xpi	DEBUG	Calling bootstrap method startup on loop@mozilla.org version 1.2.6
1463409404259	addons.manager	DEBUG	Registering shutdown blocker for XPIProvider
1463409404259	addons.manager	DEBUG	Provider finished startup: XPIProvider
1463409404259	addons.manager	DEBUG	Starting provider: LightweightThemeManager
1463409404259	addons.manager	DEBUG	Registering shutdown blocker for LightweightThemeManager
1463409404259	addons.manager	DEBUG	Provider finished startup: LightweightThemeManager
1463409404260	addons.manager	DEBUG	Starting provider: GMPProvider
1463409404264	addons.manager	DEBUG	Registering shutdown blocker for GMPProvider
1463409404264	addons.manager	DEBUG	Provider finished startup: GMPProvider
1463409404264	addons.manager	DEBUG	Starting provider: PluginProvider
1463409404264	addons.manager	DEBUG	Registering shutdown blocker for PluginProvider
1463409404264	addons.manager	DEBUG	Provider finished startup: PluginProvider
1463409404264	addons.manager	DEBUG	Completed startup sequence
1463409406059	addons.manager	DEBUG	Starting provider: <unnamed-provider>
1463409406059	addons.manager	DEBUG	Registering shutdown blocker for <unnamed-provider>
1463409406059	addons.manager	DEBUG	Provider finished startup: <unnamed-provider>
1463409406060	DeferredSave.extensions.json	DEBUG	Starting write
1463409406348	addons.repository	DEBUG	No addons.json found.
1463409406348	DeferredSave.addons.json	DEBUG	Save changes
1463409406350	DeferredSave.addons.json	DEBUG	Starting timer
1463409406378	addons.manager	DEBUG	Starting provider: PreviousExperimentProvider
1463409406378	addons.manager	DEBUG	Registering shutdown blocker for PreviousExperimentProvider
1463409406378	addons.manager	DEBUG	Provider finished startup: PreviousExperimentProvider
1463409406381	DeferredSave.extensions.json	DEBUG	Write succeeded
1463409406381	addons.xpi-utils	DEBUG	XPI Database saved, setting schema version preference to 17
1463409406447	DeferredSave.addons.json	DEBUG	Starting write
1463409406475	DeferredSave.addons.json	DEBUG	Write succeeded

	at org.openqa.selenium.firefox.internal.NewProfileExtensionConnection.start(NewProfileExtensionConnection.java:123)
	... 39 more
]]>
            </full-stacktrace>
          </exception> <!-- org.openqa.selenium.WebDriverException -->
          <reporter-output>
          </reporter-output>
        </test-method> <!-- setup1 -->
        <test-method status="SKIP" signature="setup1()[pri:0, instance:pageFactoryTest.eLoginPageTest@3add750e]" name="setup1" is-config="true" duration-ms="0" started-at="2016-05-16T09:37:29Z" finished-at="2016-05-16T09:37:29Z">
          <reporter-output>
          </reporter-output>
        </test-method> <!-- setup1 -->
        <test-method status="SKIP" signature="bingSearchTest2()[pri:0, instance:pageFactoryTest.cAppTest@22c6bb6c]" name="bingSearchTest2" duration-ms="0" started-at="2016-05-16T09:37:29Z" finished-at="2016-05-16T09:37:29Z">
          <reporter-output>
          </reporter-output>
        </test-method> <!-- bingSearchTest2 -->
      </class> <!-- pageFactoryTest.cAppTest -->
      <class name="pageFactoryTest.bAppTest">
        <test-method status="SKIP" signature="bingSearchTest1()[pri:0, instance:pageFactoryTest.bAppTest@51de4fa6]" name="bingSearchTest1" duration-ms="1" started-at="2016-05-16T09:37:29Z" finished-at="2016-05-16T09:37:29Z">
          <reporter-output>
          </reporter-output>
        </test-method> <!-- bingSearchTest1 -->
      </class> <!-- pageFactoryTest.bAppTest -->
    </test> <!-- Command line test -->
  </suite> <!-- Command line suite -->
</testng-results>
